Loading memory file: output/quicksort.hex
Using writeback output file: output/quicksort.wb
Using pipeline output file: output/quicksort.ppln
@@
@@
@@                     0  Asserting System reset......
@@
@@                   100 : System STILL at reset, can't show anything
@@
@@
@@                   200 : System STILL at reset, can't show anything
@@
@@
@@                   300 : System STILL at reset, can't show anything
@@
@@                   360  Deasserting System reset......
@@
@@
@@@ Unified Memory contents hex on left, decimal on right: 
@@@
@@@ mem[    0] = 0000009700000013 : 648540061715
@@@ mem[    8] = 0001011708c08093 : 282673419419795
@@@ mem[   16] = 00010413ff410113 : 285958910050579
@@@ mem[   24] = 5481819300002197 : 6089290639541805463
@@@ mem[   32] = 0000029300000213 : 2830383448595
@@@ mem[   40] = 0000039300000313 : 3929895076627
@@@ mem[   48] = 0000051300000493 : 5579162518675
@@@ mem[   56] = 0000061300000593 : 6678674146707
@@@ mem[   64] = 0000071300000693 : 7778185774739
@@@ mem[   72] = 0000081300000793 : 8877697402771
@@@ mem[   80] = 0000091300000893 : 9977209030803
@@@ mem[   88] = 00000a1300000993 : 11076720658835
@@@ mem[   96] = 00000b1300000a93 : 12176232286867
@@@ mem[  104] = 00000c1300000b93 : 13275743914899
@@@ mem[  112] = 00000d1300000c93 : 14375255542931
@@@ mem[  120] = 00000e1300000d93 : 15474767170963
@@@ mem[  128] = 00000f1300000e93 : 16574278798995
@@@ mem[  136] = 2080006f00000f93 : 2341872282974031763
@@@ mem[  144] = f701011300010117 : 17798508383460983063
@@@ mem[  152] = 00000013fea12c23 : 85876354083
@@@ mem[  160] = 0000001310500073 : 81878057075
@@@ mem[  168] = 0000001300000013 : 81604378643
@@@ mem[  176] = 02812623fd010113 : 180467396081942803
@@@ mem[  184] = fca42e2303010413 : 18204726321647518739
@@@ mem[  192] = fdc42783fcb42c23 : 18285783834864921635
@@@ mem[  200] = fef426230007a783 : 18371350711717308291
@@@ mem[  208] = 0007a703fd842783 : 2153960417011587
@@@ mem[  216] = 00e7a023fdc42783 : 65196796061951875
@@@ mem[  224] = fec42703fd842783 : 18357840879160665987
@@@ mem[  232] = 0000001300e7a023 : 81619558435
@@@ mem[  240] = 0301011302c12403 : 216455438252712963
@@@ mem[  248] = fd01011300008067 : 18230853947688517735
@@@ mem[  256] = 0281242302112623 : 180465192848664099
@@@ mem[  264] = fca42e2303010413 : 18204726321647518739
@@@ mem[  272] = fcc42a23fcb42c23 : 18213729127045016611
@@@ mem[  280] = 00279793fd442783 : 11144185956804483
@@@ mem[  288] = 00f707b3fdc42703 : 69532788885563139
@@@ mem[  296] = fef422230007a783 : 18371346313670797187
@@@ mem[  304] = fff78793fd842783 : 18444359868602394499
@@@ mem[  312] = fd842783fef42623 : 18267769436393186851
@@@ mem[  320] = 0680006ffef42423 : 468374842265314339
@@@ mem[  328] = 00279793fe842783 : 11144185977776003
@@@ mem[  336] = 00f707b3fdc42703 : 69532788885563139
@@@ mem[  344] = fe4427030007a783 : 18321812077888907139
@@@ mem[  352] = fec4278304f74063 : 18357841424746496099
@@@ mem[  360] = fef4262300178793 : 18371350711718348691
@@@ mem[  368] = 00279793fec42783 : 11144185981970307
@@@ mem[  376] = 00f706b3fdc42703 : 69531689373935363
@@@ mem[  384] = 00279793fe842783 : 11144185977776003
@@@ mem[  392] = 00f707b3fdc42703 : 69532788885563139
@@@ mem[  400] = 0006851300078593 : 1835166511629715
@@@ mem[  408] = f18080e700000097 : 17402050689785397399
@@@ mem[  416] = 00178793fe842783 : 6622994164361091
@@@ mem[  424] = fd442703fef42423 : 18249754488127890467
@@@ mem[  432] = f8e7cae3fe842783 : 17935527121602750339
@@@ mem[  440] = 00178793fec42783 : 6622994168555395
@@@ mem[  448] = fdc4270300279793 : 18285783280872036243
@@@ mem[  456] = fd44278300f706b3 : 18249755033622480563
@@@ mem[  464] = fdc4270300279793 : 18285783280872036243
@@@ mem[  472] = 0007859300f707b3 : 2117191259850675
@@@ mem[  480] = 0000009700068513 : 648540488979
@@@ mem[  488] = fec42783ecc080e7 : 18357841428635222247
@@@ mem[  496] = 0007851300178793 : 2116641489389459
@@@ mem[  504] = 0281240302c12083 : 180465055421243523
@@@ mem[  512] = 0000806703010113 : 141179920384275
@@@ mem[  520] = 02112623fd010113 : 148942198690349331
@@@ mem[  528] = 0301041302812423 : 216458736783402019
@@@ mem[  536] = fcb42c23fca42e23 : 18209227726439853603
@@@ mem[  544] = fd842703fcc42a23 : 18267768886600673827
@@@ mem[  552] = 04f75a63fd442783 : 357854080896608131
@@@ mem[  560] = fd842583fd442603 : 18267767237341619715
@@@ mem[  568] = 00000097fdc42503 : 652797551875
@@@ mem[  576] = fea42623ec0080e7 : 18348832717539410151
@@@ mem[  584] = fff78793fec42783 : 18444359868623366019
@@@ mem[  592] = fd84258300078613 : 18267767233093010963
@@@ mem[  600] = 00000097fdc42503 : 652797551875
@@@ mem[  608] = fec42783fac080e7 : 18357841428870103271
@@@ mem[  616] = fd44260300178793 : 18249753384340391827
@@@ mem[  624] = fdc4250300078593 : 18285781081846678931
@@@ mem[  632] = f90080e700000097 : 17942482645069856919
@@@ mem[  640] = 02c1208300000013 : 198475605593817107
@@@ mem[  648] = 0301011302812403 : 216455438248518659
@@@ mem[  656] = e601011300008067 : 16573529284816175207
@@@ mem[  664] = 18812c2318112e23 : 1765741058145201699
@@@ mem[  672] = fe0426231a010413 : 18303796717742523411
@@@ mem[  680] = 000000970340006f : 648594587759
@@@ mem[  688] = 0005079307e080e7 : 1415702957293799
@@@ mem[  696] = fec427833ff7f713 : 18357841425736398611
@@@ mem[  704] = ff07879300279793 : 18376805869941135251
@@@ mem[  712] = e6e7a823008787b3 : 16638452216629790643
@@@ mem[  720] = 00178793fec42783 : 6622994168555395
@@@ mem[  728] = fec42703fef42623 : 18357840879184782883
@@@ mem[  736] = fce7d4e306200793 : 18223768488703428499
@@@ mem[  744] = 06200613e6040793 : 441359446015477651
@@@ mem[  752] = 0007851300000593 : 2116641487848851
@@@ mem[  760] = f10080e700000097 : 17366021892766433431
@@@ mem[  768] = 0007851300000793 : 2116641487849363
@@@ mem[  776] = 1981240319c12083 : 1837789718679462019
@@@ mem[  784] = 000080671a010113 : 141180306260243
@@@ mem[  792] = d807a783000027b7 : 15566594818111973303
@@@ mem[  800] = 0807ae2308a7ac23 : 578622542632692771
@@@ mem[  808] = a803000027b78082 : 12106520223968362626
@@@ mem[  816] = f6374c9585b7d807 : 17741733462126614535
@@@ mem[  824] = 2703098826835851 : 2811101072775665745
@@@ mem[  832] = 0613f2d5859309c8 : 437960587668031944
@@@ mem[  840] = 863302b687b342d6 : 9670075807878562518
@@@ mem[  848] = 37b30017851302c6 : 4013551793934107334
@@@ mem[  856] = 073308a82c2300f5 : 518767900465758453
@@@ mem[  864] = 973202b6b6b302b7 : 10894773432335139511
@@@ mem[  872] = 0017951397ba9736 : 6637835846850358
@@@ mem[  880] = 8082810508f82e23 : 9260105642452463139
@@@ mem[  888] = 0000263780824501 : 42019821077761
@@@ mem[  896] = 00002537000015b7 : 40918153434551
@@@ mem[  904] = 37c5859396060613 : 4018765111421699603
@@@ mem[  912] = 0000031784050513 : 3399534052627
@@@ mem[  920] = 1141414c2ec30067 : 1243346767588819047
@@@ mem[  928] = c606c422000027b7 : 14269308119677937591
@@@ mem[  936] = 8663842adb878793 : 9683728943383283603
@@@ mem[  944] = 80e70000109700f5 : 9288392756753268981
@@@ mem[  952] = 000027b7440cfca0 : 43668074200224
@@@ mem[  960] = 00f58763e2078793 : 69110232357767059
@@@ mem[  968] = 80e7000010978522 : 9288392756753302818
@@@ mem[  976] = 000027b7444cfb20 : 43668078394144
@@@ mem[  984] = 00f58a63e8878793 : 69113531001702291
@@@ mem[  992] = 014140b244228522 : 90424601915589922
@@@ mem[ 1000] = f943006700001317 : 17961200181265306391
@@@ mem[ 1008] = 80820141442240b2 : 9259965163654758578
@@@ mem[ 1016] = 07b7110180824501 : 555931777152206081
@@@ mem[ 1024] = 00002737cc220000 : 43120601464832
@@@ mem[ 1032] = 0000243737c78793 : 39819577624467
@@@ mem[ 1040] = db84041300002537 : 15817772270882923831
@@@ mem[ 1048] = c64ec84aca26ce06 : 14289578891237838342
@@@ mem[ 1056] = 4621daf72023c452 : 5053561011817399378
@@@ mem[ 1064] = e145051345814791 : 16232386012255438737
@@@ mem[ 1072] = 222300042023c45c : 2459809839193506908
@@@ mem[ 1080] = 2223000424230004 : 2459809839260565508
@@@ mem[ 1088] = 2a23000428230604 : 3036270591631099396
@@@ mem[ 1096] = 009700042c230004 : 42502739403669508
@@@ mem[ 1104] = 67c1542080e70000 : 7476349354990043136
@@@ mem[ 1112] = 000009b700000a37 : 10681583667767
@@@ mem[ 1120] = 000004b700000937 : 5184025528631
@@@ mem[ 1128] = 6f2a0a1300002537 : 8010225963952514359
@@@ mem[ 1136] = 78e9091373298993 : 8712504933266065811
@@@ mem[ 1144] = 462107a57dc48493 : 5053328664247436435
@@@ mem[ 1152] = 2023e7c505134581 : 2315949466778289537
@@@ mem[ 1160] = 2423033422230344 : 2603928531996181316
@@@ mem[ 1168] = cc40d87cd4440324 : 14718001612895552292
@@@ mem[ 1176] = 0604262306042423 : 433513396001055779
@@@ mem[ 1184] = 0c04262306042823 : 865858960228624419
@@@ mem[ 1192] = 06042e2306042c23 : 433522192094080035
@@@ mem[ 1200] = 0000009708042023 : 648674549795
@@@ mem[ 1208] = 000207b74dc080e7 : 571433818292455
@@@ mem[ 1216] = 0000273700002537 : 43117176694071
@@@ mem[ 1224] = 4621e207071307c9 : 5053568776697743305
@@@ mem[ 1232] = 2423ee4505134581 : 2604186989755581825
@@@ mem[ 1240] = 2823093426230944 : 2892165505284770116
@@@ mem[ 1248] = 2e2308942a230924 : 3324510382384679204
@@@ mem[ 1256] = 282308e422230cf4 : 2892165161620278516
@@@ mem[ 1264] = 2c230c042a230c04 : 3180398973880044548
@@@ mem[ 1272] = 202312042a230c04 : 2315714442494675972
@@@ mem[ 1280] = 24230e0422230e04 : 2603940420465659396
@@@ mem[ 1288] = 80e7000000970e04 : 9288392756484836868
@@@ mem[ 1296] = 8793000027b74860 : 9769152017363060832
@@@ mem[ 1304] = 2a230f442823e887 : 3036287359183480967
@@@ mem[ 1312] = 2e230f242c230f34 : 3324517597963292468
@@@ mem[ 1320] = 0ef4262340f20e94 : 1077528143703707284
@@@ mem[ 1328] = 49b2494244d24462 : 5310387459594536034
@@@ mem[ 1336] = 27b7808261054a22 : 2861897385679079970
@@@ mem[ 1344] = 1101da07a7830000 : 1225500300031492096
@@@ mem[ 1352] = ca26cc22ce06c64e : 14566554494633952846
@@@ mem[ 1360] = 2937cfd589aac84a : 2970070995318786122
@@@ mem[ 1368] = 54fd960909130000 : 6124216033844854784
@@@ mem[ 1376] = 0089240300492783 : 38601667117655939
@@@ mem[ 1384] = a0950007d76317fd : 11571154851276724221
@@@ mem[ 1392] = 04978f6306840413 : 330890753108870163
@@@ mem[ 1400] = fb6d17fd00c41703 : 18117163251388389123
@@@ mem[ 1408] = 2223c45c078577c1 : 2460025721016645569
@@@ mem[ 1416] = 2423000420230604 : 2603925027269314052
@@@ mem[ 1424] = 2823000422230004 : 2892155403454578692
@@@ mem[ 1432] = 2c2300042a230004 : 3180385779740508164
@@@ mem[ 1440] = 0513458146210004 : 365712416276807684
@@@ mem[ 1448] = 80e70000009705c4 : 9288392756484834756
@@@ mem[ 1456] = 2a23020428233e60 : 3036272790654369376
@@@ mem[ 1464] = 2423040422230204 : 2603929425349378564
@@@ mem[ 1472] = 4462852240f20404 : 4927647324461728772
@@@ mem[ 1480] = 610549b2494244d2 : 6991075026644649170
@@@ mem[ 1488] = c019000924038082 : 13842094968958845058
@@@ mem[ 1496] = 1ac00593b7598922 : 1927546772509002018
@@@ mem[ 1504] = 80e700000097854e : 9288392756484867406
@@@ mem[ 1512] = 0531c51d842a78e0 : 374296974610561248
@@@ mem[ 1520] = c05c000420234791 : 13860953770858596241
@@@ mem[ 1528] = 45811a000613c408 : 5008312848016983048
@@@ mem[ 1536] = 390080e700000097 : 4107424589787693207
@@@ mem[ 1544] = bf89892200892023 : 13801713312184475683
@@@ mem[ 1552] = dec080e700000097 : 16050970801574248599
@@@ mem[ 1560] = 47b100092023bf3d : 5165910286764588861
@@@ mem[ 1568] = 595cbf7900f9a023 : 6439232093661274147
@@@ mem[ 1576] = 000027b78082c391 : 43669088551825
@@@ mem[ 1584] = 000007b7da07a703 : 8486218344195
@@@ mem[ 1592] = f775d95c39c78793 : 17831397289772943251
@@@ mem[ 1600] = dbc3006700000317 : 15835501157146428183
@@@ mem[ 1608] = 0000263780828082 : 42019821092994
@@@ mem[ 1616] = 96060613000005b7 : 10810334634223601079
@@@ mem[ 1624] = 0317450137858593 : 222722578106910099
@@@ mem[ 1632] = 2637022300670000 : 2753672046514208768
@@@ mem[ 1640] = 0613000005b70000 : 437693588880949248
@@@ mem[ 1648] = 45013f8585939606 : 4972325306297980422
@@@ mem[ 1656] = 0083006700000317 : 36873664330728215
@@@ mem[ 1664] = cc52ce4ed04a7179 : 14723056969724883321
@@@ mem[ 1672] = d606c65ec85aca56 : 15422232084367460950
@@@ mem[ 1680] = 8bae8b2ad226d422 : 10065135233250284578
@@@ mem[ 1688] = 597d49854a018ab2 : 6448391078285511346
@@@ mem[ 1696] = 008aa403004aa483 : 39023879582819459
@@@ mem[ 1704] = 57830204c46314fd : 6305886122746778877
@@@ mem[ 1712] = 178300f9fb6300c4 : 1694198958485864644
@@@ mem[ 1720] = 8563855a85a200e4 : 9611672653574308068
@@@ mem[ 1728] = 00aa6a339b820127 : 47967515925676327
@@@ mem[ 1736] = 90e30684041314fd : 10440195525248750845
@@@ mem[ 1744] = 95e3000aaa83ff24 : 10800476377175031588
@@@ mem[ 1752] = 5492542250b2fc0a : 6094025752145230858
@@@ mem[ 1760] = 4b424ad249f25902 : 5422979168351705346
@@@ mem[ 1768] = 61454a6285524bb2 : 7009090182076058546
@@@ mem[ 1776] = 842ec42211418082 : 9524765912532615298
@@@ mem[ 1784] = 0097c60600e59583 : 42720450570458499
@@@ mem[ 1792] = 496320a080e70000 : 5288106261192572928
@@@ mem[ 1800] = 97aa40b2483c0005 : 10928618580228177925
@@@ mem[ 1808] = 808201414422c83c : 9259965163654793276
@@@ mem[ 1816] = 177d777d00c45783 : 1692640413728659331
@@@ mem[ 1824] = 00f4162340b28ff9 : 68704234982510585
@@@ mem[ 1832] = 4501808201414422 : 4972396759448896546
@@@ mem[ 1840] = 110100c597838082 : 1225261422272020610
@@@ mem[ 1848] = c64ec84aca26cc22 : 14289578891237837858
@@@ mem[ 1856] = 842e1007f713ce06 : 9524567888331263494
@@@ mem[ 1864] = e70d89b6893284aa : 16649114814537434282
@@@ mem[ 1872] = 15838ff9177d777d : 1550240996749309821
@@@ mem[ 1880] = 446200f4162300e4 : 4927501990640156900
@@@ mem[ 1888] = 49b2864a86ce40f2 : 5310454565270601970
@@@ mem[ 1896] = 610544d285264942 : 6991069667530262850
@@@ mem[ 1904] = 1dc3006700000317 : 2144558289940120343
@@@ mem[ 1912] = 4601468900e59583 : 5044390611871176067
@@@ mem[ 1920] = 144080e700000097 : 1459308008893841559
@@@ mem[ 1928] = 1141b7d100c41783 : 1243477080419866499
@@@ mem[ 1936] = 00e59583842ec422 : 64622161757652002
@@@ mem[ 1944] = 80e700000097c606 : 9288392756484883974
@@@ mem[ 1952] = 00f50f6357fd12a0 : 68978288646492832
@@@ mem[ 1960] = 40b2670500c45783 : 4661901835467249539
@@@ mem[ 1968] = c82887c107c28fd9 : 14422927069782642649
@@@ mem[ 1976] = 0141442200f41623 : 90428380359693859
@@@ mem[ 1984] = 777d00c457838082 : 8610038905884082306
@@@ mem[ 1992] = 87c107c28ff9177d : 9782108397845944189
@@@ mem[ 2000] = 442200f4162340b2 : 4909487592130691250
@@@ mem[ 2008] = 00e5958380820141 : 64622161695998273
@@@ mem[ 2016] = 0083006700000317 : 36873664330728215
@@@ mem[ 2024] = 842ac226c4221141 : 9523637833783447873
@@@ mem[ 2032] = c606852e000024b7 : 14269238901984994487
@@@ mem[ 2040] = 00001097da04a223 : 18244383842851
@@@ mem[ 2048] = 076357fdeda080e7 : 532365929084911847
@@@ mem[ 2056] = 4492442240b200f5 : 4941086655083839733
@@@ mem[ 2064] = da44a78380820141 : 15727879981923172673
@@@ mem[ 2072] = 4422c01c40b2dbed : 4909697771364342765
@@@ mem[ 2080] = 27b7808201414492 : 2861897384072397970
@@@ mem[ 2088] = 8a63d807a7830000 : 9972051527315161088
@@@ mem[ 2096] = ca261101416c08a7 : 14566348741866686631
@@@ mem[ 2104] = cd8d84aacc22ce06 : 14811640618595569158
@@@ mem[ 2112] = 09934901c64ec84a : 689975439888664650
@@@ mem[ 2120] = 4380012587b30800 : 4863888858262210560
@@@ mem[ 2128] = 8526400085a2c811 : 9594426427145635857
@@@ mem[ 2136] = 2d2080e700000097 : 3251740660587298967
@@@ mem[ 2144] = 12e3091140ecf86d : 1360941482104387693
@@@ mem[ 2152] = 000000978526ff39 : 650773987129
@@@ mem[ 2160] = 49b249422be080e7 : 5310387459176038631
@@@ mem[ 2168] = 00978526c5915c8c : 42649123053198476
@@@ mem[ 2176] = 40a02ac080e70000 : 4656769020985802752
@@@ mem[ 2184] = 8526400085a2c809 : 9594426427145635849
@@@ mem[ 2192] = 29a080e700000097 : 2999539081454551191
@@@ mem[ 2200] = 8526c59144ecf86d : 9594573283876730989
@@@ mem[ 2208] = 28a080e700000097 : 2927481487416623255
@@@ mem[ 2216] = 40f24462c79958dc : 4679878153837566172
@@@ mem[ 2224] = 8782610544d28526 : 9764473617350034726
@@@ mem[ 2232] = 610544d2446240f2 : 6991069666443673842
@@@ mem[ 2240] = 872e114180828082 : 9740742017075544194
@@@ mem[ 2248] = 842a85b2c226c422 : 9523571364836328482
@@@ mem[ 2256] = 853a8636000024b7 : 9600133122179998903
@@@ mem[ 2264] = 1097da04a223c606 : 1195663939525133830
@@@ mem[ 2272] = 57fde28080e70000 : 6340472891953840128
@@@ mem[ 2280] = 442240b200f50763 : 4909557677051676515
@@@ mem[ 2288] = a783808201414492 : 12070632722138219666
@@@ mem[ 2296] = c01c40b2dbedda44 : 13843010491568216644
@@@ mem[ 2304] = 8082014144924422 : 9259965163662099490
@@@ mem[ 2312] = c226c422872e1141 : 13990084945048899905
@@@ mem[ 2320] = 000024b7842a85b2 : 40370614994354
@@@ mem[ 2328] = a223c606853a8636 : 11683399589636507190
@@@ mem[ 2336] = 80e700001097da04 : 9288392756753324548
@@@ mem[ 2344] = 00f5076357fde140 : 68969492553523520
@@@ mem[ 2352] = 01414492442240b2 : 90428862523130034
@@@ mem[ 2360] = dbedda44a7838082 : 15847562652189687938
@@@ mem[ 2368] = 44924422c01c40b2 : 4941086657221509298
@@@ mem[ 2376] = 872e114180820141 : 9740742017075511617
@@@ mem[ 2384] = 842a85b2c226c422 : 9523571364836328482
@@@ mem[ 2392] = 853a8636000024b7 : 9600133122179998903
@@@ mem[ 2400] = 1097da04a223c606 : 1195663939525133830
@@@ mem[ 2408] = 57fde5c080e70000 : 6340476465366630400
@@@ mem[ 2416] = 442240b200f50763 : 4909557677051676515
@@@ mem[ 2424] = a783808201414492 : 12070632722138219666
@@@ mem[ 2432] = c01c40b2dbedda44 : 13843010491568216644
@@@ mem[ 2440] = 8082014144924422 : 9259965163662099490
@@@ mem[ 2448] = 02c37363872a433d : 199129679841084221
@@@ mem[ 2456] = e5adefbd00f77793 : 16550147800700516243
@@@ mem[ 2464] = 96ba8a3dff067693 : 10861145450233624211
@@@ mem[ 2472] = c74cc70cc34cc30c : 14361072169407791884
@@@ mem[ 2480] = e211fed76be30741 : 16290081528357259073
@@@ mem[ 2488] = 068a40c306b38082 : 471260317388865666
@@@ mem[ 2496] = 8067969600000297 : 9252529530445234839
@@@ mem[ 2504] = 06a300b7072300a6 : 478226771530154150
@@@ mem[ 2512] = 05a300b7062300b7 : 406169177475449015
@@@ mem[ 2520] = 04a300b7052300b7 : 334111583420743863
@@@ mem[ 2528] = 03a300b7042300b7 : 262053989366038711
@@@ mem[ 2536] = 02a300b7032300b7 : 189996395311333559
@@@ mem[ 2544] = 01a300b7022300b7 : 117938801256628407
@@@ mem[ 2552] = 00a300b7012300b7 : 45881207201923255
@@@ mem[ 2560] = 808200b7002300b7 : 9259964569808470199
@@@ mem[ 2568] = 008596930ff5f593 : 37601730274653587
@@@ mem[ 2576] = 8dd5010596938dd5 : 10220076052899925461
@@@ mem[ 2584] = 029700279693b761 : 186618079589152609
@@@ mem[ 2592] = 80e7828696960000 : 9288536271038578688
@@@ mem[ 2600] = 8f1d17c18096fa86 : 10312424841601809030
@@@ mem[ 2608] = b7a5f8c374e3963e : 13233256598461453886
@@@ mem[ 2616] = 000029b7c64e1101 : 45869282758913
@@@ mem[ 2624] = c452c84aca26cc22 : 14146589603068824610
@@@ mem[ 2632] = 8993892a8a2ece06 : 9913418020572548614
@@@ mem[ 2640] = 80e70000109796c9 : 9288392756753307337
@@@ mem[ 2648] = 67850089a7039260 : 7459368949021643360
@@@ mem[ 2656] = 98f16705434417bd : 11020703035453347773
@@@ mem[ 2664] = 4144043300f48433 : 4702888527987508275
@@@ mem[ 2672] = 4d630432147d8031 : 5576305376753451057
@@@ mem[ 2680] = 1097854a458100e4 : 1195570780130312420
@@@ mem[ 2688] = a783c1a080e70000 : 12070704321384611840
@@@ mem[ 2696] = 02f5006397a60089 : 213076985115967625
@@@ mem[ 2704] = 80e700001097854a : 9288392756753302858
@@@ mem[ 2712] = 44d2446240f28e80 : 4959101328475459200
@@@ mem[ 2720] = 45014a2249b24942 : 4972336974719502658
@@@ mem[ 2728] = 408005b380826105 : 4647721083959664901
@@@ mem[ 2736] = 80e700001097854a : 9288392756753302858
@@@ mem[ 2744] = 02f50d6357fdbe60 : 213091277699137120
@@@ mem[ 2752] = ef078793000027b7 : 17223884365331703735
@@@ mem[ 2760] = 8c810089a6834398 : 10124374028509725592
@@@ mem[ 2768] = 854a8f010014e493 : 9604646389780112531
@@@ mem[ 2776] = 00001097c398c2c4 : 18244007674564
@@@ mem[ 2784] = 446240f289e080e7 : 4927572352736198887
@@@ mem[ 2792] = 4a2249b2494244d2 : 5341913138096915666
@@@ mem[ 2800] = 4581808261054505 : 5008425558074541317
@@@ mem[ 2808] = 80e700001097854a : 9288392756753302858
@@@ mem[ 2816] = 46bd0089a703b9e0 : 5097230944465828320
@@@ mem[ 2824] = f8f6d2e340e507b3 : 17939758039165110195
@@@ mem[ 2832] = d846a683000026b7 : 15584326642133116599
@@@ mem[ 2840] = 8d15c35c0017e793 : 10166246533764736915
@@@ mem[ 2848] = eea6a823000026b7 : 17196617095438149303
@@@ mem[ 2856] = 114112058463b7a5 : 1243294787036231589
@@@ mem[ 2864] = 84aa842ec226c422 : 9559598495407981602
@@@ mem[ 2872] = 80e700001097c606 : 9288392756753319430
@@@ mem[ 2880] = 0713ffc4250383e0 : 510032400722658272
@@@ mem[ 2888] = 7793000025b7ff84 : 8616230512722706308
@@@ mem[ 2896] = 859300f70633ffe5 : 9625037889581875173
@@@ mem[ 2904] = 0085a803425496c5 : 37620903853725381
@@@ mem[ 2912] = c25412c80b639af1 : 14002837791795550961
@@@ mem[ 2920] = ed3500d608338905 : 17092568880015182085
@@@ mem[ 2928] = 00482803ff842303 : 20310195960029955
@@@ mem[ 2936] = 4067073300002537 : 4640685856653321527
@@@ mem[ 2944] = 9745051300872883 : 10900124052291528835
@@@ mem[ 2952] = 886300187813979a : 9827698916946319258
@@@ mem[ 2960] = a62300c723030ea8 : 11971413089766805160
@@@ mem[ 2968] = 0c63011324230068 : 892558332871770216
@@@ mem[ 2976] = c3540017e6931208 : 14074874838092288520
@@@ mem[ 2984] = eb631ff00693c21c : 16961435737370378780
@@@ mem[ 2992] = 06a1ff87f69304f6 : 477943994900481270
@@@ mem[ 3000] = d813429096ae41c8 : 15569861525520662984
@@@ mem[ 3008] = 010797b347850057 : 74194715129741399
@@@ mem[ 3016] = c748ff8685138fc9 : 14360008365094178761
@@@ mem[ 3024] = c658c298c1dcc710 : 14292387378803558160
@@@ mem[ 3032] = 4492852640b24422 : 4941158140519531554
@@@ mem[ 3040] = 0067000003170141 : 28991922653036865
@@@ mem[ 3048] = 8905004825037983 : 9873298067938310531
@@@ mem[ 3056] = 2e230017e693c135 : 3324501052582248757
@@@ mem[ 3064] = 1ff00693c21cfed4 : 2301346641272962772
@@@ mem[ 3072] = 0097d693faf6f9e3 : 42738652542335459
@@@ mem[ 3080] = d6930cd668634611 : 15461716060706915857
@@@ mem[ 3088] = 8613039685130067 : 9661069570652438631
@@@ mem[ 3096] = 4114952e050e0386 : 4689537136885367686
@@@ mem[ 3104] = a8cd00d516631561 : 12163379083801204065
@@@ mem[ 3112] = 42d000d506634694 : 4814348916594263700
@@@ mem[ 3120] = 46c8fec7ebe39a71 : 5100606712606595697
@@@ mem[ 3128] = c5184422c714c748 : 14202176341072463688
@@@ mem[ 3136] = c6d84492852640b2 : 14328277610569023666
@@@ mem[ 3144] = 0067000003170141 : 28991922653036865
@@@ mem[ 3152] = 0000253780827303 : 40920309461763
@@@ mem[ 3160] = 46149745051397b6 : 5049827404882876342
@@@ mem[ 3168] = 00c628030aa68263 : 55776038917407331
@@@ mem[ 3176] = 00f706330017e513 : 69531135362196755
@@@ mem[ 3184] = 00d824230106a623 : 60838327729169955
@@@ mem[ 3192] = 1463b73dc21cc348 : 1469219379330466632
@@@ mem[ 3200] = 96be4650460c0e08 : 10862196661850738184
@@@ mem[ 3208] = c60cc5d00016e793 : 14270998816375629715
@@@ mem[ 3216] = b789c3149736c35c : 13225316273953882972
@@@ mem[ 3224] = 2503e90996be8905 : 2667231631726512389
@@@ mem[ 3232] = 4710475c8f09ff84 : 5120671239182614404
@@@ mem[ 3240] = 27b7c790c65c96aa : 2861975512834414250
@@@ mem[ 3248] = a7830016e6130000 : 12070491524632346624
@@@ mem[ 3256] = ede3c598c350d887 : 17141761866604796039
@@@ mem[ 3264] = a583000027b7f0f6 : 11926376238873571574
@@@ mem[ 3272] = 000000978526db07 : 650773977863
@@@ mem[ 3280] = 97b6b711d6c080e7 : 10932126432733724903
@@@ mem[ 3288] = 00d67e634651b759 : 60374609862702937
@@@ mem[ 3296] = 04d6646305400613 : 348576397620413971
@@@ mem[ 3304] = 06f6851300c7d693 : 501734725162358419
@@@ mem[ 3312] = b71d050e06e68613 : 13194708041068873235
@@@ mem[ 3320] = 05b6861305c68513 : 411663832210375955
@@@ mem[ 3328] = c998c9d8bf29050e : 14526582530840790286
@@@ mem[ 3336] = c708c7480017e693 : 14341932125414483603
@@@ mem[ 3344] = b5c9c31c973ec354 : 13099215518747771732
@@@ mem[ 3352] = 478586090045a803 : 5153672721812793347
@@@ mem[ 3360] = 0107e7b300c797b3 : 74282674873145267
@@@ mem[ 3368] = 15400613b739c1dc : 1531230555054129628
@@@ mem[ 3376] = 00f7d69300d66a63 : 69760246110120547
@@@ mem[ 3384] = 0776861307868513 : 537764621806109971
@@@ mem[ 3392] = 55400613bde9050e : 6142916573593666830
@@@ mem[ 3400] = 0127d69300d66a63 : 83271044992232035
@@@ mem[ 3408] = 07c6861307d68513 : 560282619948205331
@@@ mem[ 3416] = 3f800513b5c9050e : 4575662803620791566
@@@ mem[ 3424] = e693bd6507e00613 : 16614831691921360403
@@@ mem[ 3432] = b5adc21cc3540017 : 13091333120627834903
@@@ mem[ 3440] = d422d606ce4e7179 : 15286015409968279929
@@@ mem[ 3448] = 00b58793d04ad226 : 51096039709135398
@@@ mem[ 3456] = 04f76f6389aa4759 : 357877168701327193
@@@ mem[ 3464] = 009718b7e76347c1 : 42529899623434177
@@@ mem[ 3472] = 47e15ea080e70000 : 5179525089903181824
@@@ mem[ 3480] = 0000293744c14589 : 45317353457033
@@@ mem[ 3488] = 43c097ca96c90913 : 4882068892438563091
@@@ mem[ 3496] = 28e40763ff878713 : 2946488182277375763
@@@ mem[ 3504] = 9bf144104454405c : 11236837381922635868
@@@ mem[ 3512] = c690c65443d897a2 : 14308154081373886370
@@@ mem[ 3520] = c3d8854e00176713 : 14112176002420926227
@@@ mem[ 3528] = 5b2080e700000097 : 6566389986331984023
@@@ mem[ 3536] = 542250b200840513 : 6062496773837161747
@@@ mem[ 3544] = 614549f259025492 : 7009089700296283282
@@@ mem[ 3552] = c963ff87f4938082 : 14511723383706845314
@@@ mem[ 3560] = 009712b4e7631207 : 42523289668751879
@@@ mem[ 3568] = 079358a080e70000 : 545877426222596096
@@@ mem[ 3576] = d7933097f5631f70 : 15533812968946081648
@@@ mem[ 3584] = 4711120780630094 : 5120894074725007508
@@@ mem[ 3592] = 0064d79326f76e63 : 28384524684979811
@@@ mem[ 3600] = 0387881303978593 : 254321519215740307
@@@ mem[ 3608] = 0000293700359613 : 45316203451923
@@@ mem[ 3616] = 4240964a96c90913 : 4773980852114229523
@@@ mem[ 3624] = 453d028601631661 : 4989146736768521825
@@@ mem[ 3632] = 200751634454a039 : 2307902820840677433
@@@ mem[ 3640] = 405c843600d60a63 : 4637727083761896035
@@@ mem[ 3648] = 56e3409787339bf1 : 6260918926527667185
@@@ mem[ 3656] = 0109240385c2fee5 : 74630466375974629
@@@ mem[ 3664] = 9748081300002837 : 10900971775747696695
@@@ mem[ 3672] = 46bd405c1d040c63 : 5097301117621242979
@@@ mem[ 3680] = c463409787339bf1 : 14151225473680776177
@@@ mem[ 3688] = 282301092a232ae6 : 2892156524575271654
@@@ mem[ 3696] = 071326075c630109 : 509792995879616777
@@@ mem[ 3704] = 6363004925031ff0 : 7161568146602794992
@@@ mem[ 3712] = 0721ff87f7131cf7 : 513972791927839991
@@@ mem[ 3720] = 0057d6134314974a : 24723701191972682
@@@ mem[ 3728] = 8d5d00c797b34785 : 10186298789425530757
@@@ mem[ 3736] = c414c45cff870793 : 14129133834671163283
@@@ mem[ 3744] = c6c0c30000a92223 : 14321661219816677923
@@@ mem[ 3752] = 163346054025d793 : 1599699281011660691
@@@ mem[ 3760] = 77b306c56f6300f6 : 8625245156391715062
@@@ mem[ 3768] = 99f10606ef8100a6 : 11092653984048021670
@@@ mem[ 3776] = e791059100a677b3 : 16686124214723704755
@@@ mem[ 3784] = 059100a677b30606 : 401102556785477126
@@@ mem[ 3792] = 0035931348bddfe5 : 15079884799729637
@@@ mem[ 3800] = 8e2e455c851a934a : 10245202465986876234
@@@ mem[ 3808] = 843e43d81cf50263 : 9529128457040364131
@@@ mem[ 3816] = 409706b39b7147dc : 4654196108387502044
@@@ mem[ 3824] = fe06c6e31cd8c163 : 18304536414237802851
@@@ mem[ 3832] = 854e441043549722 : 9605689891867629346
@@@ mem[ 3840] = c65cc3540016e693 : 14293514082913281683
@@@ mem[ 3848] = 80e700000097c790 : 9288392756484884368
@@@ mem[ 3856] = bd7d008405134700 : 13654070212278044416
@@@ mem[ 3864] = 450100f9a02347b1 : 4972256535727261617
@@@ mem[ 3872] = 059320000613bd55 : 401699976240151893
@@@ mem[ 3880] = b5fd03f008130400 : 13113642019435250688
@@@ mem[ 3888] = 405cc85a00892403 : 4637802005166367747
@@@ mem[ 3896] = 009b6763ffc7fb13 : 43742300580870931
@@@ mem[ 3904] = cd6347bd409b0733 : 14799751678627874611
@@@ mem[ 3912] = c266000027b70ae7 : 14007883691648813799
@@@ mem[ 3920] = a703ca5600002cb7 : 12034685099980106935
@@@ mem[ 3928] = cc52db07aa83d84c : 14723070957799594060
@@@ mem[ 3936] = 01640a3357fdc65e : 100216307344852574
@@@ mem[ 3944] = 678530f701639aa6 : 7459422195247454886
@@@ mem[ 3952] = fab377fd9abe07bd : 18064914461419767741
@@@ mem[ 3960] = 0097854e85d600fa : 42649293782647034
@@@ mem[ 3968] = 57fd71a080e70000 : 6340348784578854912
@@@ mem[ 3976] = c46236f506638baa : 14150933405153594282
@@@ mem[ 3984] = 00002c371d456063 : 48615225909347
@@@ mem[ 3992] = 000c2583ef0c0c13 : 3418948302015507
@@@ mem[ 4000] = 872e00bc202395d6 : 9740723852042016214
@@@ mem[ 4008] = 0145179320aa1a63 : 91505288106613347
@@@ mem[ 4016] = 00892b8320079663 : 38609913987438179
@@@ mem[ 4024] = 0017e793015b07b3 : 6728543033296819
@@@ mem[ 4032] = 0000273700fba223 : 43117193175587
@@@ mem[ 4040] = 00b6f463dac72683 : 51497155470763651
@@@ mem[ 4048] = 00002737dab72623 : 43120846120483
@@@ mem[ 4056] = 00b6f463da872683 : 51497155466569347
@@@ mem[ 4064] = 845e4c22dab72423 : 9538144773399323683
@@@ mem[ 4072] = ef63409787339bf1 : 17249702017311677425
@@@ mem[ 4080] = 2ae7dc6347bd2a97 : 3091681988176587415
@@@ mem[ 4088] = 4c924bb24ad24a62 : 5517555722613836386
@@@ mem[ 4096] = 94a2c05c0014e793 : 10710334365211355027
@@@ mem[ 4104] = 0017671300992423 : 6587255776420899
@@@ mem[ 4112] = 00000097c0d8854e : 651775477070
@@@ mem[ 4120] = 051350b2366080e7 : 365724721093837031
@@@ mem[ 4128] = 54924b4254220084 : 6094015994037141636
@@@ mem[ 4136] = 8082614549f25902 : 9260070734048418050
@@@ mem[ 4144] = 4410bd9500492503 : 4904628441859040515
@@@ mem[ 4152] = 87e3058947c0b341 : 9791676102006059841
@@@ mem[ 4160] = 0097d713b3bde087 : 42739201103224967
@@@ mem[ 4168] = 46d10ee6fb634691 : 5102876238010336913
@@@ mem[ 4176] = 05c7061326e6ea63 : 416308169881872995
@@@ mem[ 4184] = 964a060e05b70693 : 10829474911260968595
@@@ mem[ 4192] = 00e6166316614218 : 64763859476496920
@@@ mem[ 4200] = 00e606634718a421 : 64746268107777057
@@@ mem[ 4208] = fed7ebe39af14354 : 18363405368416093012
@@@ mem[ 4216] = c600c418c4504750 : 14267619230161586000
@@@ mem[ 4224] = 7c634751b51dc740 : 8963086099653969728
@@@ mem[ 4232] = 6763054007130cf7 : 7449803981155667191
@@@ mem[ 4240] = 859300c4d79324f7 : 9625037674051216631
@@@ mem[ 4248] = 961306e7881306f7 : 10813994721736853239
@@@ mem[ 4256] = 77930e05bbad0035 : 8616245929876193333
@@@ mem[ 4264] = 455cc7e90521003e : 4998089490101764158
@@@ mem[ 4272] = 0014e5934410bd05 : 5881920199113989
@@@ mem[ 4280] = 94a2c790c65cc04c : 10710342288457646156
@@@ mem[ 4288] = 0099282300992a23 : 43109802235734563
@@@ mem[ 4296] = 0104a6230016e793 : 73366163200337811
@@@ mem[ 4304] = 9722c0dc0104a423 : 10890478900077700131
@@@ mem[ 4312] = 00000097c314854e : 651812963662
@@@ mem[ 4320] = 0084051329e080e7 : 37160276790903015
@@@ mem[ 4328] = 854e43d897a2b1f5 : 9605689652763865589
@@@ mem[ 4336] = 0097c3d800176713 : 42718053965195027
@@@ mem[ 4344] = 0513284080e70000 : 365680252252782592
@@@ mem[ 4352] = 0034d593b9c90084 : 14871529242820740
@@@ mem[ 4360] = e693b94100848793 : 16614827139132589971
@@@ mem[ 4368] = 2a2394a2c0540014 : 3036434000510189588
@@@ mem[ 4376] = 6693009928230099 : 7391252071248494745
@@@ mem[ 4384] = a4230104a6230017 : 11827298165883863063
@@@ mem[ 4392] = 854e97a2c0d40104 : 9605781780503462148
@@@ mem[ 4400] = 80e700000097c398 : 9288392756484883352
@@@ mem[ 4408] = b959008405132480 : 13355706736964740224
@@@ mem[ 4416] = 039706130067d713 : 258682182278043411
@@@ mem[ 4424] = bf01060e03870693 : 13763288593479435923
@@@ mem[ 4432] = 0089240305240d63 : 38601667199110499
@@@ mem[ 4440] = 8593b571405c4c22 : 9625236326636604450
@@@ mem[ 4448] = 961305b7881305c7 : 10813993416066794951
@@@ mem[ 4456] = 00832783b94d0035 : 36916668652126261
@@@ mem[ 4464] = f7932067906315fd : 17839638178120799741
@@@ mem[ 4472] = 2703fbe513610035 : 2811367553700528181
@@@ mem[ 4480] = 8ff9fff647930049 : 10374604649852502089
@@@ mem[ 4488] = e1e3060600f92223 : 16276860101103002147
@@@ mem[ 4496] = 7733d8060fe3dac7 : 8589446434873662151
@@@ mem[ 4504] = 77330606e71100f6 : 8589215541041889526
@@@ mem[ 4512] = 85f2df650e1100f6 : 9652022576529080566
@@@ mem[ 4520] = 0c1300002c37b335 : 870039153754485557
@@@ mem[ 4528] = 9756000c2703ef0c : 10904903599918411532
@@@ mem[ 4536] = d84ca68300ec2023 : 15586015492008845347
@@@ mem[ 4544] = 87b312f68e6357fd : 9778180066111608829
@@@ mem[ 4552] = 00fc202397ba414b : 70967031372595531
@@@ mem[ 4560] = 0a0c8663007bfc93 : 724101399867817107
@@@ mem[ 4568] = 07a16785419b8bb3 : 549834451544935347
@@@ mem[ 4576] = 9ade419785b30ba1 : 11159429045709638561
@@@ mem[ 4584] = da1305d2415585b3 : 15713909925423187379
@@@ mem[ 4592] = 0097854e85d20145 : 42649293782384965
@@@ mem[ 4600] = 57fd4a2080e70000 : 6340305353869557760
@@@ mem[ 4608] = 4175053312f50b63 : 4716681901659982691
@@@ mem[ 4616] = 000c270301450ab3 : 3420593580214963
@@@ mem[ 4624] = 001ae79301792423 : 7572967965402147
@@@ mem[ 4632] = 00bc202300ea05b3 : 52952630332884403
@@@ mem[ 4640] = db2400e300fba223 : 15790747168441868835
@@@ mem[ 4648] = 40580766fd6346bd : 4636463955297126077
@@@ mem[ 4656] = 8b059be1ff4b0793 : 10017584341108590483
@@@ mem[ 4664] = 07334615c0588f5d : 518835441313025885
@@@ mem[ 4672] = e563c710c35000f4 : 16529273932190056692
@@@ mem[ 4680] = bb9d004ba78300f6 : 13518961981369024758
@@@ mem[ 4688] = 0097854e00840593 : 42649291545904531
@@@ mem[ 4696] = 2b838d4080e70000 : 3135505073760043008
@@@ mem[ 4704] = a783000c25830089 : 12070491478452011145
@@@ mem[ 4712] = b3310ac1bba9004b : 12912113433841303627
@@@ mem[ 4720] = 00d797b347858689 : 60683916247664265
@@@ mem[ 4728] = bbf500a922238d5d : 13543732180808863069
@@@ mem[ 4736] = 40b005b3015b85b3 : 4661231880708523443
@@@ mem[ 4744] = 85d20145da1305d2 : 9642771151676704210
@@@ mem[ 4752] = 80e700000097854e : 9288392756484867406
@@@ mem[ 4760] = f6f514e357fd4060 : 17795152469290729568
@@@ mem[ 4768] = 47854c22b7ad4a01 : 5153609060589586945
@@@ mem[ 4776] = 0097854e00fba223 : 42649291553743395
@@@ mem[ 4784] = 45010cc080e70000 : 4972269484529614848
@@@ mem[ 4792] = 4bb24b424ad24a62 : 5454504846794312290
@@@ mem[ 4800] = 05400693be094c92 : 378309600317361298
@@@ mem[ 4808] = 00c7d71302e6ee63 : 56249997018459747
@@@ mem[ 4816] = 06e7069306f70613 : 497373512394540563
@@@ mem[ 4824] = 15400713b351060e : 1531231654500173326
@@@ mem[ 4832] = 00f4d79302f76e63 : 68916920727334499
@@@ mem[ 4840] = 0777881307878593 : 538048295806141843
@@@ mem[ 4848] = 2403b62500359613 : 2595118080329094675
@@@ mem[ 4856] = a223b1f5405c0089 : 11683377525234073737
@@@ mem[ 4864] = 15400693b5f9d97c : 1531231104788978044
@@@ mem[ 4872] = 00f7d71302e6ed63 : 69760795900570979
@@@ mem[ 4880] = 0777069307870613 : 537905909050312211
@@@ mem[ 4888] = 55400713b391060e : 6142917672931755534
@@@ mem[ 4896] = 0124d79302f76d63 : 82427719609445731
@@@ mem[ 4904] = 07c7881307d78593 : 560566293948237203
@@@ mem[ 4912] = 1ce1b4e500359613 : 2081143398465902099
@@@ mem[ 4920] = 4a01417a8ab39ae6 : 5332615428352219878
@@@ mem[ 4928] = e16355400693b5f1 : 16240918414704752113
@@@ mem[ 4936] = 06130127d71302e6 : 437694859408769766
@@@ mem[ 4944] = 060e07c7069307d7 : 436294765291702231
@@@ mem[ 4952] = 05933f800613b319 : 401734610856424217
@@@ mem[ 4960] = bc5d07e0081307f0 : 13573013510754076656
@@@ mem[ 4968] = 07e006933f800613 : 567460782543996435
@@@ mem[ 4976] = bd1900492783b1fd : 13625922461781701117
@@@ mem[ 4984] = c606114180828082 : 14269111442396577922
@@@ mem[ 4992] = c226c422cd89c04a : 13990084946229313610
@@@ mem[ 5000] = 595cc11984aa842e : 6439233882577077294
@@@ mem[ 5008] = eb8900c41783c3dd : 16972097512930526173
@@@ mem[ 5016] = 490140b244924422 : 5260556974144242722
@@@ mem[ 5024] = 808201414902854a : 9259965163736565066
@@@ mem[ 5032] = 00000097852685a2 : 650773956002
@@@ mem[ 5040] = 892a545c0a6080e7 : 9883805086505795815
@@@ mem[ 5048] = 978285264c4cc791 : 10917434846234855313
@@@ mem[ 5056] = 00c4578304054e63 : 55265315655077475
@@@ mem[ 5064] = 580cefb10807f793 : 6344709518681175955
@@@ mem[ 5072] = 876304040793cd81 : 9755645633168133505
@@@ mem[ 5080] = fffff097852600f5 : 18446727132297429237
@@@ mem[ 5088] = 0204282374e080e7 : 145285220732535015
@@@ mem[ 5096] = f0978526c981406c : 17336471692221956204
@@@ mem[ 5104] = 222373c080e7ffff : 2459937092108025855
@@@ mem[ 5112] = 80e7fffff0970404 : 9288674231193109508
@@@ mem[ 5120] = f0970004162324e0 : 17336325308137284832
@@@ mem[ 5128] = 40b2244080e7ffff : 4661828423741079551
@@@ mem[ 5136] = 4902854a44924422 : 5260913868746671138
@@@ mem[ 5144] = 00c4578380820141 : 55265317743624513
@@@ mem[ 5152] = d7c50807f793597d : 15547842118877927805
@@@ mem[ 5160] = fffff0978526480c : 18446727132297447436
@@@ mem[ 5168] = f097bf696fe080e7 : 17336535750155469031
@@@ mem[ 5176] = bf911f0080e7ffff : 13803848419890429951
@@@ mem[ 5184] = a50385aa000027b7 : 11890494406379186103
@@@ mem[ 5192] = 006700000317d807 : 28991922653091847
@@@ mem[ 5200] = 110100c59703f323 : 1225261422263661347
@@@ mem[ 5208] = 7793ce06c64ecc22 : 8616457040582069282
@@@ mem[ 5216] = e7f189aa842e0087 : 16713291057603674247
@@@ mem[ 5224] = 41d4800787936785 : 4743557077355685765
@@@ mem[ 5232] = 576300f596238fd9 : 6296877758779985881
@@@ mem[ 5240] = 04630284280310d0 : 316099165476294864
@@@ mem[ 5248] = 01371693ca260a08 : 87563541764508168
@@@ mem[ 5256] = 0009a0230009a483 : 2709346975327363
@@@ mem[ 5264] = 46011006c0634c4c : 5044330678815247436
@@@ mem[ 5272] = 57fd9802854e4685 : 6340390987001382533
@@@ mem[ 5280] = 178312f50163862a : 1694218728321025578
@@@ mem[ 5288] = 4c4c0284280300c4 : 5497772011742757060
@@@ mem[ 5296] = 581c4058c7998b91 : 6349020324735585169
@@@ mem[ 5304] = 8e1d5c5cc3998e19 : 10240442681198743065
@@@ mem[ 5312] = 57fd9802854e4681 : 6340390987001382529
@@@ mem[ 5320] = 0009a6830cf51763 : 2716356578711395
@@@ mem[ 5328] = e36300c4170347f5 : 16384940711503677429
@@@ mem[ 5336] = 0785204007b710d7 : 541874789547446487
@@@ mem[ 5344] = cbfd8b8500d7d7b3 : 14699058162168223667
@@@ mem[ 5352] = 7ff7879377fd4810 : 9220987829507409936
@@@ mem[ 5360] = 222300f416238ff9 : 2459810869817872377
@@@ mem[ 5368] = 01371793c0100004 : 87564641106919428
@@@ mem[ 5376] = 580ccacd0007d363 : 6344668956875805539
@@@ mem[ 5384] = 0793c9d50099a023 : 546001896517247011
@@@ mem[ 5392] = 854e00f587630404 : 9605616109766247428
@@@ mem[ 5400] = 612080e7fffff097 : 6998735554854514839
@@@ mem[ 5408] = 45010204282344d2 : 4972257680470262994
@@@ mem[ 5416] = 610549b2446240f2 : 6991075026562859250
@@@ mem[ 5424] = 0105a903c84a8082 : 73650802631803010
@@@ mem[ 5432] = 4184ca2604090b63 : 4721120574016392035
@@@ mem[ 5440] = 84b30125a0238b0d : 9561987694949796621
@@@ mem[ 5448] = 49dce31147814124 : 5322378522998685988
@@@ mem[ 5456] = a81d00904663c41c : 12113839192352736284
@@@ mem[ 5464] = 505c02905963992a : 5790506039889860906
@@@ mem[ 5472] = 854e864a86a64c4c : 9605762709872593996
@@@ mem[ 5480] = fea046e38c899782 : 18347742825036748674
@@@ mem[ 5488] = 6713494200c41703 : 7427360758293600003
@@@ mem[ 5496] = 00e4162344d20407 : 64200635424310279
@@@ mem[ 5504] = 4ae35dd4b75d557d : 5396259946710783357
@@@ mem[ 5512] = 494244d2bf71eed0 : 5278857385177378512
@@@ mem[ 5520] = 1703bf314830bf59 : 1658379306187931481
@@@ mem[ 5528] = 879377fd481400c4 : 9769283946416439492
@@@ mem[ 5536] = 00f416238ff97ff7 : 68704236312559607
@@@ mem[ 5544] = 1793c01400042223 : 1698912676580958755
@@@ mem[ 5552] = 580cf407dae30137 : 6344714289632444727
@@@ mem[ 5560] = f9a10099a023c828 : 17987659046511167528
@@@ mem[ 5568] = 0009a783b79544d2 : 2717458952963282
@@@ mem[ 5576] = 8a634775ec078fe3 : 9971892571725074403
@@@ mem[ 5584] = 00e78763475900e7 : 65169580088688871
@@@ mem[ 5592] = 0407671300c41703 : 290314032303576835
@@@ mem[ 5600] = 44d20099a023bf69 : 4959026799505031017
@@@ mem[ 5608] = ce06cc221101bf3d : 14845777668359700285
@@@ mem[ 5616] = c38d595cc119842a : 14091017064023688234
@@@ mem[ 5624] = 40f2e79100c59783 : 4680057572760590211
@@@ mem[ 5632] = 8082610545014462 : 9260070459087602786
@@@ mem[ 5640] = 610540f244628522 : 6991065405836133666
@@@ mem[ 5648] = e423006700000317 : 16438983507214074647
@@@ mem[ 5656] = 80e7fffff097c62e : 9288674231193159214
@@@ mem[ 5664] = c139bfd145b200c0 : 13923370628530962624
@@@ mem[ 5672] = a50385aa000027b7 : 11890494406379186103
@@@ mem[ 5680] = cb91595cc119d807 : 14668603716233975815
@@@ mem[ 5688] = 4501e39900c59783 : 4972505709876189059
@@@ mem[ 5696] = 0067000003178082 : 28991922653069442
@@@ mem[ 5704] = c42ac62e1101e103 : 14135328281611854083
@@@ mem[ 5712] = 80e7fffff097ce06 : 9288674231193161222
@@@ mem[ 5720] = 9783452245b2fd40 : 10917645935176777024
@@@ mem[ 5728] = 450140f2e78d00c5 : 4972326875604779205
@@@ mem[ 5736] = 0000263780826105 : 42019821084933
@@@ mem[ 5744] = 00002537000015b7 : 40918153434551
@@@ mem[ 5752] = 5ea5859396060613 : 6820004079646148115
@@@ mem[ 5760] = fffff31784050513 : 18446729881057559827
@@@ mem[ 5768] = 610540f2ffc30067 : 6991065408979796071
@@@ mem[ 5776] = dc23006700000317 : 15862522754910651159
@@@ mem[ 5784] = 842ac226c4221141 : 9523637833783447873
@@@ mem[ 5792] = c606852e000024b7 : 14269238901984994487
@@@ mem[ 5800] = 00000097da04a223 : 652197798435
@@@ mem[ 5808] = 076357fd0ba080e7 : 532365925293261031
@@@ mem[ 5816] = 4492442240b200f5 : 4941086655083839733
@@@ mem[ 5824] = da44a78380820141 : 15727879981923172673
@@@ mem[ 5832] = 4422c01c40b2dbed : 4909697771364342765
@@@ mem[ 5840] = 1141808201414492 : 1243416267986125970
@@@ mem[ 5848] = 03900893c422c606 : 256714609503946246
@@@ mem[ 5856] = 4763842a00000073 : 5144100515310731379
@@@ mem[ 5864] = 4422852240b20005 : 4909632925948051461
@@@ mem[ 5872] = 4080043380820141 : 4647719434692198721
@@@ mem[ 5880] = 0fa080e700000097 : 1126041636468424855
@@@ mem[ 5888] = 1141b7dd547dc100 : 1243477133364150528
@@@ mem[ 5896] = 03e00893c422c606 : 279232607640798726
@@@ mem[ 5904] = 4763842a00000073 : 5144100515310731379
@@@ mem[ 5912] = 4422852240b20005 : 4909632925948051461
@@@ mem[ 5920] = 4080043380820141 : 4647719434692198721
@@@ mem[ 5928] = 0ca080e700000097 : 909868854354641047
@@@ mem[ 5936] = 1141b7dd547dc100 : 1243477133364150528
@@@ mem[ 5944] = 03f00893c422c606 : 283736207268169222
@@@ mem[ 5952] = 4763842a00000073 : 5144100515310731379
@@@ mem[ 5960] = 4422852240b20005 : 4909632925948051461
@@@ mem[ 5968] = 4080043380820141 : 4647719434692198721
@@@ mem[ 5976] = 09a080e700000097 : 693696072240857239
@@@ mem[ 5984] = 26b7b7dd547dc100 : 2789900655412494592
@@@ mem[ 5992] = 1141db46a7030000 : 1243516068627152896
@@@ mem[ 6000] = 0893ef0187aac606 : 618100363730011654
@@@ mem[ 6008] = 0000007345010d60 : 495078935904
@@@ mem[ 6016] = 02c50563872a567d : 199571683515455101
@@@ mem[ 6024] = 0d600893daa6aa23 : 963779751378856483
@@@ mem[ 6032] = 0000007300e78533 : 493936411955
@@@ mem[ 6040] = 186397badb46a703 : 1757415108403177219
@@@ mem[ 6048] = daa6aa2340b200f5 : 15755467414788243701
@@@ mem[ 6056] = 009780820141853a : 42644017338484026
@@@ mem[ 6064] = 40b2044080e70000 : 4661793239368925184
@@@ mem[ 6072] = 0141557dc11c47b1 : 90447466123249585
@@@ mem[ 6080] = c422c60611418082 : 14133076310003646594
@@@ mem[ 6088] = 0000007304000893 : 493988350099
@@@ mem[ 6096] = 40b200054763842a : 4661788586954425386
@@@ mem[ 6104] = 8082014144228522 : 9259965163654776098
@@@ mem[ 6112] = 0000009740800433 : 649622193203
@@@ mem[ 6120] = 547dc10000e080e7 : 6088234477033652455
@@@ mem[ 6128] = a503000027b7b7dd : 11890347441854592989
@@@ mem[ 6136] = 000000008082d807 : 2156058631
@@@
@@@ mem[ 6208] = 00001db800000000 : 32676111187968
@@@ mem[ 6216] = 00001e8800001e20 : 33569464393248
@@@
@@@ mem[ 6360] = 0000000000000001 : 1
@@@ mem[ 6368] = e66d1234abcd330e : 16603947418614838030
@@@ mem[ 6376] = 0000000b0005deec : 47245025004
@@@
@@@ mem[ 6496] = 0000000300000000 : 12884901888
@@@ mem[ 6504] = 0000000000001db8 : 7608
@@@ mem[ 6512] = 0000196c00000000 : 27951647162368
@@@ mem[ 6520] = 000019740000196c : 27986006907244
@@@ mem[ 6528] = 0000197c00001974 : 28020366645620
@@@ mem[ 6536] = 000019840000197c : 28054726383996
@@@ mem[ 6544] = 0000198c00001984 : 28089086122372
@@@ mem[ 6552] = 000019940000198c : 28123445860748
@@@ mem[ 6560] = 0000199c00001994 : 28157805599124
@@@ mem[ 6568] = 000019a40000199c : 28192165337500
@@@ mem[ 6576] = 000019ac000019a4 : 28226525075876
@@@ mem[ 6584] = 000019b4000019ac : 28260884814252
@@@ mem[ 6592] = 000019bc000019b4 : 28295244552628
@@@ mem[ 6600] = 000019c4000019bc : 28329604291004
@@@ mem[ 6608] = 000019cc000019c4 : 28363964029380
@@@ mem[ 6616] = 000019d4000019cc : 28398323767756
@@@ mem[ 6624] = 000019dc000019d4 : 28432683506132
@@@ mem[ 6632] = 000019e4000019dc : 28467043244508
@@@ mem[ 6640] = 000019ec000019e4 : 28501402982884
@@@ mem[ 6648] = 000019f4000019ec : 28535762721260
@@@ mem[ 6656] = 000019fc000019f4 : 28570122459636
@@@ mem[ 6664] = 00001a04000019fc : 28604482198012
@@@ mem[ 6672] = 00001a0c00001a04 : 28638841936388
@@@ mem[ 6680] = 00001a1400001a0c : 28673201674764
@@@ mem[ 6688] = 00001a1c00001a14 : 28707561413140
@@@ mem[ 6696] = 00001a2400001a1c : 28741921151516
@@@ mem[ 6704] = 00001a2c00001a24 : 28776280889892
@@@ mem[ 6712] = 00001a3400001a2c : 28810640628268
@@@ mem[ 6720] = 00001a3c00001a34 : 28845000366644
@@@ mem[ 6728] = 00001a4400001a3c : 28879360105020
@@@ mem[ 6736] = 00001a4c00001a44 : 28913719843396
@@@ mem[ 6744] = 00001a5400001a4c : 28948079581772
@@@ mem[ 6752] = 00001a5c00001a54 : 28982439320148
@@@ mem[ 6760] = 00001a6400001a5c : 29016799058524
@@@ mem[ 6768] = 00001a6c00001a64 : 29051158796900
@@@ mem[ 6776] = 00001a7400001a6c : 29085518535276
@@@ mem[ 6784] = 00001a7c00001a74 : 29119878273652
@@@ mem[ 6792] = 00001a8400001a7c : 29154238012028
@@@ mem[ 6800] = 00001a8c00001a84 : 29188597750404
@@@ mem[ 6808] = 00001a9400001a8c : 29222957488780
@@@ mem[ 6816] = 00001a9c00001a94 : 29257317227156
@@@ mem[ 6824] = 00001aa400001a9c : 29291676965532
@@@ mem[ 6832] = 00001aac00001aa4 : 29326036703908
@@@ mem[ 6840] = 00001ab400001aac : 29360396442284
@@@ mem[ 6848] = 00001abc00001ab4 : 29394756180660
@@@ mem[ 6856] = 00001ac400001abc : 29429115919036
@@@ mem[ 6864] = 00001acc00001ac4 : 29463475657412
@@@ mem[ 6872] = 00001ad400001acc : 29497835395788
@@@ mem[ 6880] = 00001adc00001ad4 : 29532195134164
@@@ mem[ 6888] = 00001ae400001adc : 29566554872540
@@@ mem[ 6896] = 00001aec00001ae4 : 29600914610916
@@@ mem[ 6904] = 00001af400001aec : 29635274349292
@@@ mem[ 6912] = 00001afc00001af4 : 29669634087668
@@@ mem[ 6920] = 00001b0400001afc : 29703993826044
@@@ mem[ 6928] = 00001b0c00001b04 : 29738353564420
@@@ mem[ 6936] = 00001b1400001b0c : 29772713302796
@@@ mem[ 6944] = 00001b1c00001b14 : 29807073041172
@@@ mem[ 6952] = 00001b2400001b1c : 29841432779548
@@@ mem[ 6960] = 00001b2c00001b24 : 29875792517924
@@@ mem[ 6968] = 00001b3400001b2c : 29910152256300
@@@ mem[ 6976] = 00001b3c00001b34 : 29944511994676
@@@ mem[ 6984] = 00001b4400001b3c : 29978871733052
@@@ mem[ 6992] = 00001b4c00001b44 : 30013231471428
@@@ mem[ 7000] = 00001b5400001b4c : 30047591209804
@@@ mem[ 7008] = 00001b5c00001b54 : 30081950948180
@@@ mem[ 7016] = 00001b6400001b5c : 30116310686556
@@@ mem[ 7024] = 00001b6c00001b64 : 30150670424932
@@@ mem[ 7032] = 00001b7400001b6c : 30185030163308
@@@ mem[ 7040] = 00001b7c00001b74 : 30219389901684
@@@ mem[ 7048] = 00001b8400001b7c : 30253749640060
@@@ mem[ 7056] = 00001b8c00001b84 : 30288109378436
@@@ mem[ 7064] = 00001b9400001b8c : 30322469116812
@@@ mem[ 7072] = 00001b9c00001b94 : 30356828855188
@@@ mem[ 7080] = 00001ba400001b9c : 30391188593564
@@@ mem[ 7088] = 00001bac00001ba4 : 30425548331940
@@@ mem[ 7096] = 00001bb400001bac : 30459908070316
@@@ mem[ 7104] = 00001bbc00001bb4 : 30494267808692
@@@ mem[ 7112] = 00001bc400001bbc : 30528627547068
@@@ mem[ 7120] = 00001bcc00001bc4 : 30562987285444
@@@ mem[ 7128] = 00001bd400001bcc : 30597347023820
@@@ mem[ 7136] = 00001bdc00001bd4 : 30631706762196
@@@ mem[ 7144] = 00001be400001bdc : 30666066500572
@@@ mem[ 7152] = 00001bec00001be4 : 30700426238948
@@@ mem[ 7160] = 00001bf400001bec : 30734785977324
@@@ mem[ 7168] = 00001bfc00001bf4 : 30769145715700
@@@ mem[ 7176] = 00001c0400001bfc : 30803505454076
@@@ mem[ 7184] = 00001c0c00001c04 : 30837865192452
@@@ mem[ 7192] = 00001c1400001c0c : 30872224930828
@@@ mem[ 7200] = 00001c1c00001c14 : 30906584669204
@@@ mem[ 7208] = 00001c2400001c1c : 30940944407580
@@@ mem[ 7216] = 00001c2c00001c24 : 30975304145956
@@@ mem[ 7224] = 00001c3400001c2c : 31009663884332
@@@ mem[ 7232] = 00001c3c00001c34 : 31044023622708
@@@ mem[ 7240] = 00001c4400001c3c : 31078383361084
@@@ mem[ 7248] = 00001c4c00001c44 : 31112743099460
@@@ mem[ 7256] = 00001c5400001c4c : 31147102837836
@@@ mem[ 7264] = 00001c5c00001c54 : 31181462576212
@@@ mem[ 7272] = 00001c6400001c5c : 31215822314588
@@@ mem[ 7280] = 00001c6c00001c64 : 31250182052964
@@@ mem[ 7288] = 00001c7400001c6c : 31284541791340
@@@ mem[ 7296] = 00001c7c00001c74 : 31318901529716
@@@ mem[ 7304] = 00001c8400001c7c : 31353261268092
@@@ mem[ 7312] = 00001c8c00001c84 : 31387621006468
@@@ mem[ 7320] = 00001c9400001c8c : 31421980744844
@@@ mem[ 7328] = 00001c9c00001c94 : 31456340483220
@@@ mem[ 7336] = 00001ca400001c9c : 31490700221596
@@@ mem[ 7344] = 00001cac00001ca4 : 31525059959972
@@@ mem[ 7352] = 00001cb400001cac : 31559419698348
@@@ mem[ 7360] = 00001cbc00001cb4 : 31593779436724
@@@ mem[ 7368] = 00001cc400001cbc : 31628139175100
@@@ mem[ 7376] = 00001ccc00001cc4 : 31662498913476
@@@ mem[ 7384] = 00001cd400001ccc : 31696858651852
@@@ mem[ 7392] = 00001cdc00001cd4 : 31731218390228
@@@ mem[ 7400] = 00001ce400001cdc : 31765578128604
@@@ mem[ 7408] = 00001cec00001ce4 : 31799937866980
@@@ mem[ 7416] = 00001cf400001cec : 31834297605356
@@@ mem[ 7424] = 00001cfc00001cf4 : 31868657343732
@@@ mem[ 7432] = 00001d0400001cfc : 31903017082108
@@@ mem[ 7440] = 00001d0c00001d04 : 31937376820484
@@@ mem[ 7448] = 00001d1400001d0c : 31971736558860
@@@ mem[ 7456] = 00001d1c00001d14 : 32006096297236
@@@ mem[ 7464] = 00001d2400001d1c : 32040456035612
@@@ mem[ 7472] = 00001d2c00001d24 : 32074815773988
@@@ mem[ 7480] = 00001d3400001d2c : 32109175512364
@@@ mem[ 7488] = 00001d3c00001d34 : 32143535250740
@@@ mem[ 7496] = 00001d4400001d3c : 32177894989116
@@@ mem[ 7504] = 00001d4c00001d44 : 32212254727492
@@@ mem[ 7512] = 00001d5400001d4c : 32246614465868
@@@ mem[ 7520] = 00001d5c00001d54 : 32280974204244
@@@ mem[ 7528] = 00001d6400001d5c : 32315333942620
@@@ mem[ 7536] = 0000000000001d64 : 7524
@@@
@@@ mem[ 7552] = ffffffff00001840 : 18446744069414590528
@@@ mem[ 7560] = 0000000000020000 : 131072
@@@
@@@ mem[65528] = 0000009000010000 : 618475356160
@@@
@@                  6920 : System halted
@@
@@@ System halted on illegal instruction
@@@
@@
@@  66 cycles / 47 instrs = 1.404255 CPI
@@
@@  650.00 ns total time to execute
@@

- testbench/testbench.sv:301: Verilog $finish
- S i m u l a t i o n   R e p o r t: Verilator 5.026 2024-06-15
- Verilator: $finish at 795ns; walltime 0.004 s; speed 0.000 s/s
- Verilator: cpu 0.000 s on 1 threads; alloced 121 MB
