Loading memory file: output/sort_search.hex
Using writeback output file: output/sort_search.wb
Using pipeline output file: output/sort_search.ppln
@@
@@
@@                     0  Asserting System reset......
@@
@@                   100 : System STILL at reset, can't show anything
@@
@@
@@                   200 : System STILL at reset, can't show anything
@@
@@
@@                   300 : System STILL at reset, can't show anything
@@
@@                   360  Deasserting System reset......
@@
@@
@@@ Unified Memory contents hex on left, decimal on right: 
@@@
@@@ mem[    0] = 0000009700000013 : 648540061715
@@@ mem[    8] = 0001011708c08093 : 282673419419795
@@@ mem[   16] = 00010413ff410113 : 285958910050579
@@@ mem[   24] = 6081819300002197 : 6953981767996940695
@@@ mem[   32] = 0000029300000213 : 2830383448595
@@@ mem[   40] = 0000039300000313 : 3929895076627
@@@ mem[   48] = 0000051300000493 : 5579162518675
@@@ mem[   56] = 0000061300000593 : 6678674146707
@@@ mem[   64] = 0000071300000693 : 7778185774739
@@@ mem[   72] = 0000081300000793 : 8877697402771
@@@ mem[   80] = 0000091300000893 : 9977209030803
@@@ mem[   88] = 00000a1300000993 : 11076720658835
@@@ mem[   96] = 00000b1300000a93 : 12176232286867
@@@ mem[  104] = 00000c1300000b93 : 13275743914899
@@@ mem[  112] = 00000d1300000c93 : 14375255542931
@@@ mem[  120] = 00000e1300000d93 : 15474767170963
@@@ mem[  128] = 00000f1300000e93 : 16574278798995
@@@ mem[  136] = 2180006f00000f93 : 2413929877011959699
@@@ mem[  144] = f701011300010117 : 17798508383460983063
@@@ mem[  152] = 00000013fea12c23 : 85876354083
@@@ mem[  160] = 0000001310500073 : 81878057075
@@@ mem[  168] = 0000001300000013 : 81604378643
@@@ mem[  176] = 02812623fd010113 : 180467396081942803
@@@ mem[  184] = fca42e2303010413 : 18204726321647518739
@@@ mem[  192] = fe042623fcb42c23 : 18303796721545915427
@@@ mem[  200] = fec427830bc0006f : 18357841424860315759
@@@ mem[  208] = fef4242300178793 : 18371348512695093139
@@@ mem[  216] = fe8427830940006f : 18339827026308890735
@@@ mem[  224] = fdc4270300279793 : 18285783280872036243
@@@ mem[  232] = 0007a70300f707b3 : 2153956179904435
@@@ mem[  240] = 00279793fec42783 : 11144185981970307
@@@ mem[  248] = 00f687b3fdc42683 : 69392051397207683
@@@ mem[  256] = 04f75e630007a783 : 357858474694518659
@@@ mem[  264] = 00279793fe842783 : 11144185977776003
@@@ mem[  272] = 00f707b3fdc42703 : 69532788885563139
@@@ mem[  280] = fef422230007a783 : 18371346313670797187
@@@ mem[  288] = 00279793fec42783 : 11144185981970307
@@@ mem[  296] = 00f70733fdc42703 : 69532239129749251
@@@ mem[  304] = 00279793fe842783 : 11144185977776003
@@@ mem[  312] = 00f687b3fdc42683 : 69392051397207683
@@@ mem[  320] = 00e7a02300072703 : 65196791804929795
@@@ mem[  328] = 00279793fec42783 : 11144185981970307
@@@ mem[  336] = 00f707b3fdc42703 : 69532788885563139
@@@ mem[  344] = 00e7a023fe442703 : 65196796070340355
@@@ mem[  352] = 00178793fe842783 : 6622994164361091
@@@ mem[  360] = fe842703fef42423 : 18339826480675300387
@@@ mem[  368] = f6f744e3fd842783 : 17795768198579365763
@@@ mem[  376] = 00178793fec42783 : 6622994168555395
@@@ mem[  384] = fd842783fef42623 : 18267769436393186851
@@@ mem[  392] = fec42703fff78793 : 18357840879201781651
@@@ mem[  400] = 00000013f2f74ee3 : 85680672483
@@@ mem[  408] = 02c1240300000013 : 198479453884514323
@@@ mem[  416] = 0000806703010113 : 141179920384275
@@@ mem[  424] = 02112623fd010113 : 148942198690349331
@@@ mem[  432] = 0301041302812423 : 216458736783402019
@@@ mem[  440] = fcb42c23fca42e23 : 18209227726439853603
@@@ mem[  448] = fcd42823fcc42a23 : 18218230527650179619
@@@ mem[  456] = fd842783fd442703 : 18267769436364875523
@@@ mem[  464] = fd4427030af74e63 : 18249754484034457187
@@@ mem[  472] = 40f707b3fd842783 : 4681218807308756867
@@@ mem[  480] = 00f707b301f7d713 : 69532784661092115
@@@ mem[  488] = 000787134017d793 : 2118841586407315
@@@ mem[  496] = 00e787b3fd842783 : 65169926742353795
@@@ mem[  504] = fec42783fef42623 : 18357841428940596771
@@@ mem[  512] = fdc4270300279793 : 18285783280872036243
@@@ mem[  520] = 0007a78300f707b3 : 2154505935718323
@@@ mem[  528] = 00f71663fd042703 : 69548937950013187
@@@ mem[  536] = 0740006ffec42783 : 522418037790615427
@@@ mem[  544] = 00279793fec42783 : 11144185981970307
@@@ mem[  552] = 00f707b3fdc42703 : 69532788885563139
@@@ mem[  560] = fd0427030007a783 : 18231740085341497219
@@@ mem[  568] = fec4278302f75663 : 18357841424712947299
@@@ mem[  576] = fd042683fff78793 : 18231739539879593875
@@@ mem[  584] = fd84258300078613 : 18267767233093010963
@@@ mem[  592] = 00000097fdc42503 : 652797551875
@@@ mem[  600] = 00050793f54080e7 : 1415706939785447
@@@ mem[  608] = fec427830300006f : 18357841424713515119
@@@ mem[  616] = fd04268300178793 : 18231739535586723731
@@@ mem[  624] = 00078593fd442603 : 2117195492763139
@@@ mem[  632] = 00000097fdc42503 : 652797551875
@@@ mem[  640] = 00050793f2c080e7 : 1415706897842407
@@@ mem[  648] = fff007930080006f : 18442248802032156783
@@@ mem[  656] = 02c1208300078513 : 198475605594309907
@@@ mem[  664] = 0301011302812403 : 216455438248518659
@@@ mem[  672] = e401011300008067 : 16429414096740319335
@@@ mem[  680] = 1a812c231a112e23 : 1909856246254612003
@@@ mem[  688] = fe0426231c010413 : 18303796717776077843
@@@ mem[  696] = 000000970340006f : 648594587759
@@@ mem[  704] = 00050793122080e7 : 1415703129260263
@@@ mem[  712] = fec4278301f7f713 : 18357841424696211219
@@@ mem[  720] = ff07879300279793 : 18376805869941135251
@@@ mem[  728] = e4e7ac23008787b3 : 16494341426600445875
@@@ mem[  736] = 00178793fec42783 : 6622994168555395
@@@ mem[  744] = fec42703fef42623 : 18357840879184782883
@@@ mem[  752] = fce7d4e306200793 : 18223768488703428499
@@@ mem[  760] = fef4242300a00793 : 18371348512704038803
@@@ mem[  768] = 06300593e4840793 : 445862495861868435
@@@ mem[  776] = 0000009700078513 : 648540554515
@@@ mem[  784] = e4840793da4080e7 : 16466294469176623335
@@@ mem[  792] = 06200613fe842683 : 441359446426527363
@@@ mem[  800] = 0007851300000593 : 2116641487848851
@@@ mem[  808] = e80080e700000097 : 16717503546425082007
@@@ mem[  816] = e4840793fea42223 : 16466294469787132451
@@@ mem[  824] = 062006131a400693 : 441359442596857491
@@@ mem[  832] = 0007851300000593 : 2116641487848851
@@@ mem[  840] = e60080e700000097 : 16573388358349226135
@@@ mem[  848] = e4840793fea42023 : 16466294469787131939
@@@ mem[  856] = 0620061302100693 : 441359442191058579
@@@ mem[  864] = 0007851300000593 : 2116641487848851
@@@ mem[  872] = e40080e700000097 : 16429273170273370263
@@@ mem[  880] = e4840793fca42e23 : 16466294469753581091
@@@ mem[  888] = 0620061301700693 : 441359442180572819
@@@ mem[  896] = 0007851300000593 : 2116641487848851
@@@ mem[  904] = e20080e700000097 : 16285157982197514391
@@@ mem[  912] = e4840793fca42c23 : 16466294469753580579
@@@ mem[  920] = 0620061300c00693 : 441359442169038483
@@@ mem[  928] = 0007851300000593 : 2116641487848851
@@@ mem[  936] = e00080e700000097 : 16141042794121658519
@@@ mem[  944] = 00000793fca42a23 : 8332180204067
@@@ mem[  952] = 1bc1208300078513 : 1999915456542508307
@@@ mem[  960] = 1c0101131b812403 : 2017895289616147459
@@@ mem[  968] = 000027b700008067 : 43666932531303
@@@ mem[  976] = 08a7ac23e407a783 : 623656343563642755
@@@ mem[  984] = 27b780820807ae23 : 2861897384186064419
@@@ mem[  992] = 85b7e407a8030000 : 9635420649317138432
@@@ mem[ 1000] = 26835851f6374c95 : 2775158904436771989
@@@ mem[ 1008] = 859309c827030988 : 9625047583873501576
@@@ mem[ 1016] = 87b342d60613f2d5 : 9778232702943883989
@@@ mem[ 1024] = 851302c6863302b6 : 9589011083280188086
@@@ mem[ 1032] = 2c2300f537b30017 : 3180386815055167511
@@@ mem[ 1040] = b6b302b7073308a8 : 13164869120857147560
@@@ mem[ 1048] = 97ba9736973202b6 : 10933217306115965622
@@@ mem[ 1056] = 08f82e2300179513 : 646317274387944723
@@@ mem[ 1064] = 8082450180828105 : 9260039656580481285
@@@ mem[ 1072] = 000015b700002637 : 23875723208247
@@@ mem[ 1080] = a206061300002537 : 11675025762678744375
@@@ mem[ 1088] = 9005051343058593 : 10377706496632128915
@@@ mem[ 1096] = 2ec3006700000317 : 3369537388584895255
@@@ mem[ 1104] = 000027b71141414c : 43667221987660
@@@ mem[ 1112] = e7878793c606c422 : 16683452413369566242
@@@ mem[ 1120] = 109700f58663842a : 1195425280611812394
@@@ mem[ 1128] = 440cfca080e70000 : 4903571860587216896
@@@ mem[ 1136] = ee078793000027b7 : 17151826771293775799
@@@ mem[ 1144] = 1097852200f58763 : 1195570607181629283
@@@ mem[ 1152] = 444cfb2080e70000 : 4921584609829257216
@@@ mem[ 1160] = f4878793000027b7 : 17620201132540307383
@@@ mem[ 1168] = 4422852200f58a63 : 4909632924878735971
@@@ mem[ 1176] = 00001317014140b2 : 20989526229170
@@@ mem[ 1184] = 442240b2f9430067 : 4909557681217536103
@@@ mem[ 1192] = 8082450180820141 : 9260039656580448577
@@@ mem[ 1200] = cc22000007b71101 : 14709319333074899201
@@@ mem[ 1208] = 4307879300002737 : 4829978190808098615
@@@ mem[ 1216] = 0000253700002437 : 40918153438263
@@@ mem[ 1224] = ca26ce06e7840413 : 14566556573825762323
@@@ mem[ 1232] = 2023c452c64ec84a : 2315910493191981130
@@@ mem[ 1240] = 458147914621e6f7 : 5008362949885159159
@@@ mem[ 1248] = 2023c45ced450513 : 2315910536795325715
@@@ mem[ 1256] = 2423000422230004 : 2603925027302866948
@@@ mem[ 1264] = 2823060422230004 : 2892162000524345348
@@@ mem[ 1272] = 2c2300042a230004 : 3180385779740508164
@@@ mem[ 1280] = 80e7000000970004 : 9288392756484833284
@@@ mem[ 1288] = 00000a3767c15420 : 11233080202272
@@@ mem[ 1296] = 00001937000009b7 : 27724013898167
@@@ mem[ 1304] = 00002537000014b7 : 40918153434295
@@@ mem[ 1312] = 7e6989937a6a0a13 : 9108962987840506387
@@@ mem[ 1320] = 8904849384290913 : 9873162052215310611
@@@ mem[ 1328] = 05134581462107a5 : 365712416276809637
@@@ mem[ 1336] = 222303442023f3c5 : 2459813412606309317
@@@ mem[ 1344] = d444032424230334 : 15295353688217027380
@@@ mem[ 1352] = 06042423cc40d87c : 433511200303667324
@@@ mem[ 1360] = 0604282306042623 : 433515595024311843
@@@ mem[ 1368] = 06042c230c042623 : 433519993171486243
@@@ mem[ 1376] = 0804202306042e23 : 577621987007147555
@@@ mem[ 1384] = 4dc080e700000097 : 5602619666074697879
@@@ mem[ 1392] = 00002537000207b7 : 40918153562039
@@@ mem[ 1400] = 071307c900002737 : 509759742692828983
@@@ mem[ 1408] = 051345814621ee07 : 365712416276868615
@@@ mem[ 1416] = 262309442423fa45 : 2748050385894898245
@@@ mem[ 1424] = 2a23092428230934 : 3036280624674703668
@@@ mem[ 1432] = 22230cf42e230894 : 2459824064360024212
@@@ mem[ 1440] = 2a230c04282308e4 : 3036283785770633444
@@@ mem[ 1448] = 2a230c042c230c04 : 3036283785837743108
@@@ mem[ 1456] = 22230e0420231204 : 2459825232356250116
@@@ mem[ 1464] = 00970e0424230e04 : 42518132432244228
@@@ mem[ 1472] = 27b7486080e70000 : 2861835667533922304
@@@ mem[ 1480] = 2823f48787930000 : 2892424248634310656
@@@ mem[ 1488] = 2c230f342a230f44 : 3180402478573358916
@@@ mem[ 1496] = 40f20e942e230f24 : 4679818992383364900
@@@ mem[ 1504] = 44d244620ef42623 : 4959101327636702755
@@@ mem[ 1512] = 61054a2249b24942 : 6991075507688327490
@@@ mem[ 1520] = a783000027b78082 : 12070491426949398658
@@@ mem[ 1528] = ce06c64e1101e607 : 14845771260268504583
@@@ mem[ 1536] = 89aac84aca26cc22 : 9919961352781614114
@@@ mem[ 1544] = 091300002937cfd5 : 653866371590377429
@@@ mem[ 1552] = 0049278354fda209 : 20591118319985161
@@@ mem[ 1560] = d76317fd00892403 : 15520275116252013571
@@@ mem[ 1568] = 06840413a0950007 : 469504743498383367
@@@ mem[ 1576] = 00c4170304978f63 : 55194397164670819
@@@ mem[ 1584] = 078577c1fb6d17fd : 541971005198637053
@@@ mem[ 1592] = 202306042223c45c : 2315701248220972124
@@@ mem[ 1600] = 2223000424230004 : 2459809839260565508
@@@ mem[ 1608] = 2a23000428230004 : 3036270591631097860
@@@ mem[ 1616] = 462100042c230004 : 5053320274806767620
@@@ mem[ 1624] = 009705c405134581 : 42509060940187009
@@@ mem[ 1632] = 28233e6080e70000 : 2892223969902395392
@@@ mem[ 1640] = 222302042a230204 : 2459812038384484868
@@@ mem[ 1648] = 40f2040424230404 : 4679807378624021508
@@@ mem[ 1656] = 494244d244628522 : 5278857383112770850
@@@ mem[ 1664] = 24038082610549b2 : 2595059107757377970
@@@ mem[ 1672] = b7598922c0190009 : 13211741764212817929
@@@ mem[ 1680] = 0097854e1ac00593 : 42649291986044307
@@@ mem[ 1688] = 842a78e080e70000 : 9523557267658964992
@@@ mem[ 1696] = 202347910531c51d : 2315773321581544733
@@@ mem[ 1704] = 0613c408c05c0004 : 437909130651107332
@@@ mem[ 1712] = 0000009745811a00 : 649706150400
@@@ mem[ 1720] = 00892023390080e7 : 38597407461638375
@@@ mem[ 1728] = 00000097bf898922 : 651753523490
@@@ mem[ 1736] = 2023bf3ddec080e7 : 2315904905849635047
@@@ mem[ 1744] = 00f9a02347b10009 : 70263342588035081
@@@ mem[ 1752] = 8082c391595cbf79 : 9260178812864085881
@@@ mem[ 1760] = e607a703000027b7 : 16575400584887150519
@@@ mem[ 1768] = 45078793000007b7 : 4974093378883946423
@@@ mem[ 1776] = 00000317f775d95c : 3401470826844
@@@ mem[ 1784] = 80828082dbc30067 : 9260105083348254823
@@@ mem[ 1792] = 000005b700002637 : 6283537163831
@@@ mem[ 1800] = 42c58593a2060613 : 4811398646040233491
@@@ mem[ 1808] = 0067000003174501 : 28991922653054209
@@@ mem[ 1816] = 05b7000026370223 : 411797891568828963
@@@ mem[ 1824] = 8593a20606130000 : 9625214975376293888
@@@ mem[ 1832] = 0000031745014ac5 : 3398476843717
@@@ mem[ 1840] = d04a717900830067 : 15008933472679166055
@@@ mem[ 1848] = c85aca56cc52ce4e : 14437074029633523278
@@@ mem[ 1856] = d226d422d606c65e : 15143024043164616286
@@@ mem[ 1864] = 4a018ab28bae8b2a : 5332695933235661610
@@@ mem[ 1872] = 004aa483597d4985 : 21010032325642629
@@@ mem[ 1880] = c46314fd008aa403 : 14151177530996597763
@@@ mem[ 1888] = fb6300c457830204 : 18114322969496060420
@@@ mem[ 1896] = 85a200e4178300f9 : 9629259932918546681
@@@ mem[ 1904] = 9b8201278563855a : 11205520092104459610
@@@ mem[ 1912] = 041314fd00aa6a33 : 293601477579663923
@@@ mem[ 1920] = aa83ff2490e30684 : 12286944740911548036
@@@ mem[ 1928] = 50b2fc0a95e3000a : 5814987191283286026
@@@ mem[ 1936] = 49f2590254925422 : 5328419175676400674
@@@ mem[ 1944] = 85524bb24b424ad2 : 9606824184273586898
@@@ mem[ 1952] = 1141808261454a62 : 1243416269597002338
@@@ mem[ 1960] = 00e59583842ec422 : 64622161757652002
@@@ mem[ 1968] = 80e700000097c606 : 9288392756484883974
@@@ mem[ 1976] = 483c0005496320a0 : 5205035292039520416
@@@ mem[ 1984] = 4422c83c97aa40b2 : 4909706706355372210
@@@ mem[ 1992] = 00c4578380820141 : 55265317743624513
@@@ mem[ 2000] = 40b28ff9177d777d : 4661946864285611901
@@@ mem[ 2008] = 0141442200f41623 : 90428380359693859
@@@ mem[ 2016] = 9783808245018082 : 10917711218668044418
@@@ mem[ 2024] = ca26cc22110100c5 : 14566554491462680773
@@@ mem[ 2032] = f713ce06c64ec84a : 17803800280417880138
@@@ mem[ 2040] = 893284aa842e1007 : 9886109999928578055
@@@ mem[ 2048] = 177d777de70d89b6 : 1692640417592215990
@@@ mem[ 2056] = 162300e415838ff9 : 1595119672632774649
@@@ mem[ 2064] = 86ce40f2446200f4 : 9713772855558275316
@@@ mem[ 2072] = 8526494249b2864a : 9594436605212526154
@@@ mem[ 2080] = 00000317610544d2 : 3398946866386
@@@ mem[ 2088] = 00e595831dc30067 : 64622160039313511
@@@ mem[ 2096] = 0000009746014689 : 649714550409
@@@ mem[ 2104] = 00c41783144080e7 : 55194947183214823
@@@ mem[ 2112] = 842ec4221141b7d1 : 9524765912532629457
@@@ mem[ 2120] = 0097c60600e59583 : 42720450570458499
@@@ mem[ 2128] = 57fd12a080e70000 : 6340244330974216192
@@@ mem[ 2136] = 00c4578300f50f63 : 55265315603681123
@@@ mem[ 2144] = 07c28fd940b26705 : 559167467003471621
@@@ mem[ 2152] = 00f41623c82887c1 : 68704237255165889
@@@ mem[ 2160] = 5783808201414422 : 6306025199103984674
@@@ mem[ 2168] = 8ff9177d777d00c4 : 10374349044267679940
@@@ mem[ 2176] = 162340b287c107c2 : 1595189828545218498
@@@ mem[ 2184] = 80820141442200f4 : 9259965163654742260
@@@ mem[ 2192] = 0000031700e59583 : 3397334177155
@@@ mem[ 2200] = c422114100830067 : 14132877551521169511
@@@ mem[ 2208] = 000024b7842ac226 : 40370615009830
@@@ mem[ 2216] = e604a223c606852e : 16574550803160139054
@@@ mem[ 2224] = eda080e700001097 : 17122827512888430743
@@@ mem[ 2232] = 40b200f5076357fd : 4661789616672823293
@@@ mem[ 2240] = 8082014144924422 : 9259965163662099490
@@@ mem[ 2248] = 40b2dbede644a783 : 4662030379098875779
@@@ mem[ 2256] = 014144924422c01c : 90428862523162652
@@@ mem[ 2264] = a783000027b78082 : 12070491426949398658
@@@ mem[ 2272] = 416c08a78a63e407 : 4714152425624429575
@@@ mem[ 2280] = cc22ce06ca261101 : 14709545861502079233
@@@ mem[ 2288] = c64ec84acd8d84aa : 14289578891294901418
@@@ mem[ 2296] = 87b3080009934901 : 9778168012205148417
@@@ mem[ 2304] = 85a2c81143800125 : 9629478929744003365
@@@ mem[ 2312] = 0000009785264000 : 650773938176
@@@ mem[ 2320] = 40ecf86d2d2080e7 : 4678387260723331303
@@@ mem[ 2328] = 8526ff3912e30911 : 9594636676754508049
@@@ mem[ 2336] = 2be080e700000097 : 3161668668039889047
@@@ mem[ 2344] = c5915c8c49b24942 : 14236261654696446274
@@@ mem[ 2352] = 80e7000000978526 : 9288392756484867366
@@@ mem[ 2360] = 85a2c80940a02ac0 : 9629478895336041152
@@@ mem[ 2368] = 0000009785264000 : 650773938176
@@@ mem[ 2376] = 44ecf86d29a080e7 : 4966617636816322791
@@@ mem[ 2384] = 000000978526c591 : 650773972369
@@@ mem[ 2392] = c79958dc28a080e7 : 14382624587582046439
@@@ mem[ 2400] = 44d2852640f24462 : 4959172539033207906
@@@ mem[ 2408] = 446240f287826105 : 4927572352696475909
@@@ mem[ 2416] = 80828082610544d2 : 9260105081289000146
@@@ mem[ 2424] = c226c422872e1141 : 13990084945048899905
@@@ mem[ 2432] = 000024b7842a85b2 : 40370614994354
@@@ mem[ 2440] = a223c606853a8636 : 11683399589636507190
@@@ mem[ 2448] = 80e700001097e604 : 9288392756753327620
@@@ mem[ 2456] = 00f5076357fde280 : 68969492553523840
@@@ mem[ 2464] = 01414492442240b2 : 90428862523130034
@@@ mem[ 2472] = dbede644a7838082 : 15847575846329221250
@@@ mem[ 2480] = 44924422c01c40b2 : 4941086657221509298
@@@ mem[ 2488] = 872e114180820141 : 9740742017075511617
@@@ mem[ 2496] = 842a85b2c226c422 : 9523571364836328482
@@@ mem[ 2504] = 853a8636000024b7 : 9600133122179998903
@@@ mem[ 2512] = 1097e604a223c606 : 1195677133664667142
@@@ mem[ 2520] = 57fde14080e70000 : 6340471517564305408
@@@ mem[ 2528] = 442240b200f50763 : 4909557677051676515
@@@ mem[ 2536] = a783808201414492 : 12070632722138219666
@@@ mem[ 2544] = c01c40b2dbede644 : 13843010491568219716
@@@ mem[ 2552] = 8082014144924422 : 9259965163662099490
@@@ mem[ 2560] = c226c422872e1141 : 13990084945048899905
@@@ mem[ 2568] = 000024b7842a85b2 : 40370614994354
@@@ mem[ 2576] = a223c606853a8636 : 11683399589636507190
@@@ mem[ 2584] = 80e700001097e604 : 9288392756753327620
@@@ mem[ 2592] = 00f5076357fde5c0 : 68969492553524672
@@@ mem[ 2600] = 01414492442240b2 : 90428862523130034
@@@ mem[ 2608] = dbede644a7838082 : 15847575846329221250
@@@ mem[ 2616] = 44924422c01c40b2 : 4941086657221509298
@@@ mem[ 2624] = 872a433d80820141 : 9739671075570188609
@@@ mem[ 2632] = 00f7779302c37363 : 69655792537793379
@@@ mem[ 2640] = ff067693e5adefbd : 18376505707117539261
@@@ mem[ 2648] = c34cc30c96ba8a3d : 14072837394461788733
@@@ mem[ 2656] = 6be30741c74cc70c : 7774065360869574412
@@@ mem[ 2664] = 06b38082e211fed7 : 482870884685709015
@@@ mem[ 2672] = 00000297068a40c3 : 2847673041091
@@@ mem[ 2680] = 072300a680679696 : 514255497569212054
@@@ mem[ 2688] = 062300b706a300b7 : 442197974502801591
@@@ mem[ 2696] = 052300b705a300b7 : 370140380448096439
@@@ mem[ 2704] = 042300b704a300b7 : 298082786393391287
@@@ mem[ 2712] = 032300b703a300b7 : 226025192338686135
@@@ mem[ 2720] = 022300b702a300b7 : 153967598283980983
@@@ mem[ 2728] = 012300b701a300b7 : 81910004229275831
@@@ mem[ 2736] = 002300b700a300b7 : 9852410174570679
@@@ mem[ 2744] = 0ff5f593808200b7 : 1150095293728030903
@@@ mem[ 2752] = 96938dd500859693 : 10850171873241962131
@@@ mem[ 2760] = 9693b7618dd50105 : 10850217556884914437
@@@ mem[ 2768] = 9696000002970027 : 10850860352239239207
@@@ mem[ 2776] = 8096fa8680e78286 : 9265868738956591750
@@@ mem[ 2784] = 74e3963e8f1d17c1 : 8422740923546146753
@@@ mem[ 2792] = c64e1101b7a5f8c3 : 14289377366766909635
@@@ mem[ 2800] = ca26cc22000029b7 : 14566554491177413047
@@@ mem[ 2808] = 8a2ece06c452c84a : 9957122354621630538
@@@ mem[ 2816] = 1097a2c98993892a : 1195603212570429738
@@@ mem[ 2824] = a703926080e70000 : 12034623572441235456
@@@ mem[ 2832] = 434417bd67850089 : 4847025201210523785
@@@ mem[ 2840] = 00f4843398f16705 : 68825251461555973
@@@ mem[ 2848] = 147d803141440433 : 1476477201884120115
@@@ mem[ 2856] = 458100e44d630432 : 5008285241163580466
@@@ mem[ 2864] = 80e700001097854a : 9288392756753302858
@@@ mem[ 2872] = 97a60089a783c1a0 : 10927422137082036640
@@@ mem[ 2880] = 1097854a02f50063 : 1195570779013840995
@@@ mem[ 2888] = 40f28e8080e70000 : 4679959645360947200
@@@ mem[ 2896] = 49b2494244d24462 : 5310387459594536034
@@@ mem[ 2904] = 8082610545014a22 : 9260070459087604258
@@@ mem[ 2912] = 1097854a408005b3 : 1195570780046362035
@@@ mem[ 2920] = 57fdbe6080e70000 : 6340433172096286720
@@@ mem[ 2928] = 000027b702f50d63 : 43666982112611
@@@ mem[ 2936] = a6834398fb078793 : 11998508156570797971
@@@ mem[ 2944] = 0014e4938c810089 : 5880821902803081
@@@ mem[ 2952] = c398c2c4854a8f01 : 14094229183161601793
@@@ mem[ 2960] = 89e080e700001097 : 9935082507605119127
@@@ mem[ 2968] = 494244d2446240f2 : 5278857383112753394
@@@ mem[ 2976] = 610545054a2249b2 : 6991069885583477170
@@@ mem[ 2984] = 1097854a45818082 : 1195570780130345090
@@@ mem[ 2992] = a703b9e080e70000 : 12034667003150532608
@@@ mem[ 3000] = 40e507b346bd0089 : 4676152254661460105
@@@ mem[ 3008] = 000026b7f8f6d2e3 : 42571597796067
@@@ mem[ 3016] = 0017e793e446a683 : 6728546840389251
@@@ mem[ 3024] = 000026b78d15c35c : 42569787884380
@@@ mem[ 3032] = 8463b7a5faa6a823 : 9539670359203555363
@@@ mem[ 3040] = c226c42211411205 : 13990084943070433797
@@@ mem[ 3048] = 1097c60684aa842e : 1195641957388026926
@@@ mem[ 3056] = 250383e080e70000 : 2667120404592001024
@@@ mem[ 3064] = 25b7ff840713ffc4 : 2717921842660900804
@@@ mem[ 3072] = 0633ffe577930000 : 446982149058527232
@@@ mem[ 3080] = 4254a2c5859300f7 : 4779624073780199671
@@@ mem[ 3088] = 0b639af10085a803 : 820669916998117379
@@@ mem[ 3096] = 08338905c25412c8 : 590966633943798472
@@@ mem[ 3104] = ff842303ed3500d6 : 18411879676368978134
@@@ mem[ 3112] = 0000253700482803 : 40918158157827
@@@ mem[ 3120] = 0087288340670733 : 38043666042259251
@@@ mem[ 3128] = 7813979aa3450513 : 8652425999528822035
@@@ mem[ 3136] = 23030ea888630018 : 2522876333263093784
@@@ mem[ 3144] = 24230068a62300c7 : 2603925459014189255
@@@ mem[ 3152] = e69312080c630113 : 16614643276076744979
@@@ mem[ 3160] = 0693c21cc3540017 : 473935814595969047
@@@ mem[ 3168] = f69304f6eb631ff0 : 17767550413464346608
@@@ mem[ 3176] = 96ae41c806a1ff87 : 10857688078997389191
@@@ mem[ 3184] = 47850057d8134290 : 5153525725882696336
@@@ mem[ 3192] = 85138fc9010797b3 : 9589166125070391219
@@@ mem[ 3200] = c1dcc710c748ff86 : 13969259019073290118
@@@ mem[ 3208] = 40b24422c658c298 : 4661863480429167256
@@@ mem[ 3216] = 0317014144928526 : 222648086413083942
@@@ mem[ 3224] = 2503798300670000 : 2667109007887892480
@@@ mem[ 3232] = e693c13589050048 : 16614835885976125512
@@@ mem[ 3240] = c21cfed42e230017 : 13987334729966485527
@@@ mem[ 3248] = faf6f9e31ff00693 : 18083916107641521811
@@@ mem[ 3256] = 686346110097d693 : 7521932841477199507
@@@ mem[ 3264] = 85130067d6930cd6 : 9589008477583510742
@@@ mem[ 3272] = 050e038686130396 : 364232496173482902
@@@ mem[ 3280] = 166315614114952e : 1613156598976648494
@@@ mem[ 3288] = 06634694a8cd00d5 : 460289191223034069
@@@ mem[ 3296] = ebe39a7142d000d5 : 16997599229869293781
@@@ mem[ 3304] = c714c74846c8fec7 : 14345309826321022663
@@@ mem[ 3312] = 852640b2c5184422 : 9594427192714478626
@@@ mem[ 3320] = 03170141c6d84492 : 222648088598693010
@@@ mem[ 3328] = 8082730300670000 : 9260090240556007424
@@@ mem[ 3336] = 051397b600002537 : 365802802686993719
@@@ mem[ 3344] = 0aa682634614a345 : 767444149402379077
@@@ mem[ 3352] = 0017e51300c62803 : 6725794244470787
@@@ mem[ 3360] = 0106a62300f70633 : 73929113168447027
@@@ mem[ 3368] = c21cc34800d82423 : 13987269256725144611
@@@ mem[ 3376] = 460c0e081463b73d : 5047424710240089917
@@@ mem[ 3384] = 0016e79396be4650 : 6447070562895440
@@@ mem[ 3392] = 9736c35cc60cc5d0 : 10896111151696627152
@@@ mem[ 3400] = 96be8905b789c314 : 10862270008911315732
@@@ mem[ 3408] = 8f09ff842503e909 : 10307050165235869961
@@@ mem[ 3416] = c65c96aa4710475c : 14293464975447967580
@@@ mem[ 3424] = e613000027b7c790 : 16578594653947283344
@@@ mem[ 3432] = c350e487a7830016 : 14074000106814898198
@@@ mem[ 3440] = 27b7f0f6ede3c598 : 2862021031560988056
@@@ mem[ 3448] = 8526e707a5830000 : 9594610076187033600
@@@ mem[ 3456] = d6c080e700000097 : 15474510049270825111
@@@ mem[ 3464] = 4651b75997b6b711 : 5067032651193825041
@@@ mem[ 3472] = 0540061300d67e63 : 378309047387324003
@@@ mem[ 3480] = 00c7d69304d66463 : 56249447295116387
@@@ mem[ 3488] = 06e6861306f68513 : 497232225150338323
@@@ mem[ 3496] = 05c68513b71d050e : 416166335301354766
@@@ mem[ 3504] = bf29050e05b68613 : 13774546493072901651
@@@ mem[ 3512] = 0017e693c998c9d8 : 6727446881159640
@@@ mem[ 3520] = 973ec354c708c748 : 10898362917167089480
@@@ mem[ 3528] = 0045a803b5c9c31c : 19606507281302300
@@@ mem[ 3536] = 00c797b347858609 : 56180316620293641
@@@ mem[ 3544] = b739c1dc0107e7b3 : 13202796933267580851
@@@ mem[ 3552] = 00d66a6315400613 : 60352618806904339
@@@ mem[ 3560] = 0786851300f7d693 : 542267121811838611
@@@ mem[ 3568] = bde9050e07768613 : 13684474500554851859
@@@ mem[ 3576] = 00d66a6355400613 : 60352619880646163
@@@ mem[ 3584] = 07d685130127d693 : 564785119951836819
@@@ mem[ 3592] = b5c9050e07c68613 : 13099006549001930259
@@@ mem[ 3600] = 07e006133f800513 : 567460232788182291
@@@ mem[ 3608] = c3540017e693bd65 : 14074874838092332389
@@@ mem[ 3616] = ce4e7179b5adc21c : 14865944187549631004
@@@ mem[ 3624] = d04ad226d422d606 : 15009039772375242246
@@@ mem[ 3632] = 89aa475900b58793 : 9919819576826496915
@@@ mem[ 3640] = e76347c104f76f63 : 16673249139793293155
@@@ mem[ 3648] = 80e70000009718b7 : 9288392756484839607
@@@ mem[ 3656] = 44c1458947e15ea0 : 4954317521003044512
@@@ mem[ 3664] = a2c9091300002937 : 11729916681672206647
@@@ mem[ 3672] = ff87871343c097ca : 18412834118338385866
@@@ mem[ 3680] = 4454405c28e40763 : 4923631057189996387
@@@ mem[ 3688] = 43d897a29bf14410 : 4888824120167449616
@@@ mem[ 3696] = 00176713c690c654 : 6587259097761364
@@@ mem[ 3704] = 00000097c3d8854e : 651825808718
@@@ mem[ 3712] = 008405135b2080e7 : 37160277617180903
@@@ mem[ 3720] = 59025492542250b2 : 6413781806782501042
@@@ mem[ 3728] = f4938082614549f2 : 17623571064296917490
@@@ mem[ 3736] = e7631207c963ff87 : 16673190070108553095
@@@ mem[ 3744] = 80e70000009712b4 : 9288392756484838068
@@@ mem[ 3752] = f5631f70079358a0 : 17682011128010594464
@@@ mem[ 3760] = 80630094d7933097 : 9251238698821038231
@@@ mem[ 3768] = 26f76e6347111207 : 2807834265361912327
@@@ mem[ 3776] = 039785930064d793 : 258822370010388371
@@@ mem[ 3784] = 0035961303878813 : 15083182173423635
@@@ mem[ 3792] = a2c9091300002937 : 11729916681672206647
@@@ mem[ 3800] = 016316614240964a : 99948223711450698
@@@ mem[ 3808] = 4454a039453d0286 : 4923736460458001030
@@@ mem[ 3816] = 00d60a6320075163 : 60247065871470947
@@@ mem[ 3824] = 87339bf1405c8436 : 9742301879401743414
@@@ mem[ 3832] = 85c2fee556e34097 : 9638546413484982423
@@@ mem[ 3840] = 0000283701092403 : 44216705688579
@@@ mem[ 3848] = 1d040c63a3480813 : 2090809749087455251
@@@ mem[ 3856] = 87339bf146bd405c : 9742301879508746332
@@@ mem[ 3864] = 2a232ae6c4634097 : 3036317744403529879
@@@ mem[ 3872] = 5c63010928230109 : 6657165813023441161
@@@ mem[ 3880] = 25031ff007132607 : 2667010520104773127
@@@ mem[ 3888] = f7131cf763630049 : 17803605600775635017
@@@ mem[ 3896] = 4314974a0721ff87 : 4833654644278427527
@@@ mem[ 3904] = 97b347850057d613 : 10931159357120304659
@@@ mem[ 3912] = ff8707938d5d00c7 : 18412693931840831687
@@@ mem[ 3920] = 00a92223c414c45c : 47606808072995932
@@@ mem[ 3928] = 4025d793c6c0c300 : 4622337622260368128
@@@ mem[ 3936] = 6f6300f616334605 : 8026260017838769669
@@@ mem[ 3944] = ef8100a677b306c5 : 17258075962033243845
@@@ mem[ 3952] = 00a677b399f10606 : 46856459399529990
@@@ mem[ 3960] = 77b30606e7910591 : 8625244338069243281
@@@ mem[ 3968] = 48bddfe5059100a6 : 5241591716063019174
@@@ mem[ 3976] = 851a934a00359313 : 9591140302479266579
@@@ mem[ 3984] = 1cf502638e2e455c : 2086576628966507868
@@@ mem[ 3992] = 9b7147dc843e43d8 : 11200812760684184536
@@@ mem[ 4000] = 1cd8c163409706b3 : 2078623860061046451
@@@ mem[ 4008] = 43549722fe06c6e3 : 4851668875131406051
@@@ mem[ 4016] = 0016e693854e4410 : 6445970758714384
@@@ mem[ 4024] = 0097c790c65cc354 : 42722146100495188
@@@ mem[ 4032] = 0513470080e70000 : 365714062235336704
@@@ mem[ 4040] = a02347b1bd7d0084 : 11539145498967212164
@@@ mem[ 4048] = 0613bd55450100f9 : 437901762712633593
@@@ mem[ 4056] = 0813040005932000 : 581813175000965120
@@@ mem[ 4064] = 00892403b5fd03f0 : 38601670166119408
@@@ mem[ 4072] = ffc7fb13405cc85a : 18430976060139817050
@@@ mem[ 4080] = 409b0733009b6763 : 4655322555452450659
@@@ mem[ 4088] = 27b70ae7cd6347bd : 2861768078916798397
@@@ mem[ 4096] = 00002cb7c2660000 : 49167752101888
@@@ mem[ 4104] = aa83e44ca703ca56 : 12286915226267535958
@@@ mem[ 4112] = 57fdc65ecc52e707 : 6340441960864737031
@@@ mem[ 4120] = 01639aa601640a33 : 100093654510864947
@@@ mem[ 4128] = 9abe07bd678530f7 : 11150358237482922231
@@@ mem[ 4136] = 85d600fafab377fd : 9643896730008385533
@@@ mem[ 4144] = 80e700000097854e : 9288392756484867406
@@@ mem[ 4152] = 06638baa57fd71a0 : 460365150658851232
@@@ mem[ 4160] = 1d456063c46236f5 : 2109197982105745141
@@@ mem[ 4168] = fb0c0c1300002c37 : 18089847078984363063
@@@ mem[ 4176] = 202395d6000c2583 : 2315859379754902915
@@@ mem[ 4184] = 20aa1a63872e00bc : 2353722770026528956
@@@ mem[ 4192] = 2007966301451793 : 2307978686017902483
@@@ mem[ 4200] = 015b07b300892b83 : 97680282308127619
@@@ mem[ 4208] = 00fba2230017e793 : 70828490363496339
@@@ mem[ 4216] = e6c7268300002737 : 16629302493171427127
@@@ mem[ 4224] = e6b7262300b6f463 : 16624798481239176291
@@@ mem[ 4232] = e687268300002737 : 16611288094661945143
@@@ mem[ 4240] = e6b7242300b6f463 : 16624796282215920739
@@@ mem[ 4248] = 87339bf1845e4c22 : 9742301880542710818
@@@ mem[ 4256] = 47bd2a97ef634097 : 5169334779335884951
@@@ mem[ 4264] = 4ad24a622ae7dc63 : 5391453489402993763
@@@ mem[ 4272] = 0014e7934c924bb2 : 5884119365077938
@@@ mem[ 4280] = 0099242394a2c05c : 43105406672879708
@@@ mem[ 4288] = c0d8854e00176713 : 13896003220307142419
@@@ mem[ 4296] = 366080e700000097 : 3918273405438132375
@@@ mem[ 4304] = 54220084051350b2 : 6062408615414943922
@@@ mem[ 4312] = 49f2590254924b42 : 5328419175676398402
@@@ mem[ 4320] = 0049250380826145 : 20588370271035717
@@@ mem[ 4328] = 47c0b3414410bd95 : 5170329465117523349
@@@ mem[ 4336] = b3bde08787e30589 : 12951754976092423561
@@@ mem[ 4344] = fb6346910097d713 : 18114399714808420115
@@@ mem[ 4352] = 26e6ea6346d10ee6 : 2803185530195480294
@@@ mem[ 4360] = 05b7069305c70613 : 411805119454578195
@@@ mem[ 4368] = 16614218964a060e : 1612642814943430158
@@@ mem[ 4376] = 4718a42100e61663 : 5123025037789894243
@@@ mem[ 4384] = 9af1435400e60663 : 11164778979299559011
@@@ mem[ 4392] = c4504750fed7ebe3 : 14145884842769247203
@@@ mem[ 4400] = b51dc740c600c418 : 13050806376203338776
@@@ mem[ 4408] = 07130cf77c634751 : 509765439906334545
@@@ mem[ 4416] = d79324f767630540 : 15533800184741037376
@@@ mem[ 4424] = 881306f7859300c4 : 9805188473883394244
@@@ mem[ 4432] = bbad0035961306e7 : 13523465486214563559
@@@ mem[ 4440] = 0521003e77930e05 : 369576912715189765
@@@ mem[ 4448] = 4410bd05455cc7e9 : 4904627824542664681
@@@ mem[ 4456] = c65cc04c0014e593 : 14293510750018528659
@@@ mem[ 4464] = 00992a2394a2c790 : 43112003742648208
@@@ mem[ 4472] = 0016e79300992823 : 6447068043880483
@@@ mem[ 4480] = 0104a4230104a623 : 73363964192663075
@@@ mem[ 4488] = c314854e9722c0dc : 14057006909519741148
@@@ mem[ 4496] = 29e080e700000097 : 3017553479964033175
@@@ mem[ 4504] = 97a2b1f500840513 : 10926491311788000531
@@@ mem[ 4512] = 00176713854e43d8 : 6587258002883544
@@@ mem[ 4520] = 80e700000097c3d8 : 9288392756484883416
@@@ mem[ 4528] = b9c9008405132840 : 13387231934356334656
@@@ mem[ 4536] = 008487930034d593 : 37303762359211411
@@@ mem[ 4544] = c0540014e693b941 : 13858702043093645633
@@@ mem[ 4552] = 282300992a2394a2 : 2892156043538961570
@@@ mem[ 4560] = a623001766930099 : 11971412334986068121
@@@ mem[ 4568] = c0d40104a4230104 : 13894731869790077188
@@@ mem[ 4576] = 0097c398854e97a2 : 42717781322274722
@@@ mem[ 4584] = 0513248080e70000 : 365676129084178432
@@@ mem[ 4592] = 0067d713b9590084 : 29228402315165828
@@@ mem[ 4600] = 0387069303970613 : 254179132459910675
@@@ mem[ 4608] = 05240d63bf01060e : 370435791408662030
@@@ mem[ 4616] = 405c4c2200892403 : 4637665425206354947
@@@ mem[ 4624] = 881305c78593b571 : 9805187168213382513
@@@ mem[ 4632] = b94d0035961305b7 : 13352328700374484407
@@@ mem[ 4640] = 906315fd00832783 : 10404183740535482243
@@@ mem[ 4648] = 13610035f7932067 : 1396397591248445543
@@@ mem[ 4656] = 479300492703fbe5 : 5157466312456535013
@@@ mem[ 4664] = 00f922238ff9fff6 : 70124805335678966
@@@ mem[ 4672] = 0fe3dac7e1e30606 : 1144999282305336838
@@@ mem[ 4680] = e71100f67733d806 : 16650090355927275526
@@@ mem[ 4688] = 0e1100f677330606 : 1013592449696859654
@@@ mem[ 4696] = 2c37b33585f2df65 : 3186212303849840485
@@@ mem[ 4704] = 2703fb0c0c130000 : 2811366621570072576
@@@ mem[ 4712] = 00ec20239756000c : 66463431738654732
@@@ mem[ 4720] = 8e6357fde44ca683 : 10260141124048692867
@@@ mem[ 4728] = 97ba414b87b312f6 : 10933122838050312950
@@@ mem[ 4736] = 007bfc9300fc2023 : 34899130442326051
@@@ mem[ 4744] = 419b8bb30a0c8663 : 4727525834939467363
@@@ mem[ 4752] = 85b30ba107a16785 : 9634056814121281413
@@@ mem[ 4760] = 415585b39ade4197 : 4707815991929618839
@@@ mem[ 4768] = 85d20145da1305d2 : 9642771151676704210
@@@ mem[ 4776] = 80e700000097854e : 9288392756484867406
@@@ mem[ 4784] = 12f50b6357fd4a20 : 1366010583282698784
@@@ mem[ 4792] = 01450ab341750533 : 91491132444575027
@@@ mem[ 4800] = 01792423000c2703 : 106155798963169027
@@@ mem[ 4808] = 00ea05b3001ae793 : 65871410909341587
@@@ mem[ 4816] = 00fba22300bc2023 : 70828490374258723
@@@ mem[ 4824] = fd6346bddb2400e3 : 18258515095529455843
@@@ mem[ 4832] = ff4b079340580766 : 18395805431946020710
@@@ mem[ 4840] = c0588f5d8b059be1 : 13859985485159832545
@@@ mem[ 4848] = c35000f407334615 : 14073749883625621013
@@@ mem[ 4856] = a78300f6e563c710 : 12070492486693537552
@@@ mem[ 4864] = 00840593bb9d004b : 37160828991766603
@@@ mem[ 4872] = 80e700000097854e : 9288392756484867406
@@@ mem[ 4880] = 258300892b838d40 : 2703004790492990784
@@@ mem[ 4888] = bba9004ba783000c : 13522339681089552396
@@@ mem[ 4896] = 47858689b3310ac1 : 5153673274570377921
@@@ mem[ 4904] = 22238d5d00d797b3 : 2459965252060026803
@@@ mem[ 4912] = 015b85b3bbf500a9 : 97818823917633705
@@@ mem[ 4920] = da1305d240b005b3 : 15713909925412341171
@@@ mem[ 4928] = 0097854e85d20145 : 42649293782384965
@@@ mem[ 4936] = 57fd406080e70000 : 6340294633631186944
@@@ mem[ 4944] = b7ad4a01f6f514e3 : 13235316252210435299
@@@ mem[ 4952] = 00fba22347854c22 : 70828491561847842
@@@ mem[ 4960] = 80e700000097854e : 9288392756484867406
@@@ mem[ 4968] = 4ad24a6245010cc0 : 5391453489840852160
@@@ mem[ 4976] = be094c924bb24b42 : 13693560333215615810
@@@ mem[ 4984] = 02e6ee6305400693 : 209116541776561811
@@@ mem[ 4992] = 06f7061300c7d713 : 501876562162341651
@@@ mem[ 5000] = b351060e06e70693 : 12921115463217776275
@@@ mem[ 5008] = 02f76e6315400713 : 213760879160723219
@@@ mem[ 5016] = 0787859300f4d793 : 542549146544166803
@@@ mem[ 5024] = 0035961307778813 : 15083182239483923
@@@ mem[ 5032] = 405c00892403b625 : 4637582305299510821
@@@ mem[ 5040] = b5f9e57ca223b1f5 : 13112764113524863477
@@@ mem[ 5048] = 02e6ed6315400693 : 209115442533369491
@@@ mem[ 5056] = 0787061300f7d713 : 542408958811821843
@@@ mem[ 5064] = b391060e07770693 : 12939129861736695443
@@@ mem[ 5072] = 02f76d6355400713 : 213759780722837267
@@@ mem[ 5080] = 07d785930124d793 : 565067144684165011
@@@ mem[ 5088] = 0035961307c78813 : 15083182244726803
@@@ mem[ 5096] = 8ab39ae61ce1b4e5 : 9994502311182972133
@@@ mem[ 5104] = 0693b5f14a01417a : 473922433737376122
@@@ mem[ 5112] = d71302e6e1635540 : 15497733933359125824
@@@ mem[ 5120] = 069307d706130127 : 473731005905305895
@@@ mem[ 5128] = 0613b319060e07c7 : 437890508842207175
@@@ mem[ 5136] = 081307f005933f80 : 581817504328007552
@@@ mem[ 5144] = 3f800613bc5d07e0 : 4575663903242782688
@@@ mem[ 5152] = 2783b1fd07e00693 : 2847315089745249939
@@@ mem[ 5160] = 80828082bd190049 : 9260105082833797193
@@@ mem[ 5168] = cd89c04ac6061141 : 14810580276966986049
@@@ mem[ 5176] = 84aa842ec226c422 : 9559598495407981602
@@@ mem[ 5184] = 1783c3dd595cc119 : 1694413240275878169
@@@ mem[ 5192] = 44924422eb8900c4 : 4941086657950056644
@@@ mem[ 5200] = 4902854a490140b2 : 5260913868821053618
@@@ mem[ 5208] = 852685a280820141 : 9594502989146620225
@@@ mem[ 5216] = 0a6080e700000097 : 747739267769303191
@@@ mem[ 5224] = 4c4cc791892a545c : 5497988672997971036
@@@ mem[ 5232] = 04054e6397828526 : 289723940685907238
@@@ mem[ 5240] = 0807f79300c45783 : 578703287885518723
@@@ mem[ 5248] = 0793cd81580cefb1 : 546005935253680049
@@@ mem[ 5256] = 852600f587630404 : 9594357110697821188
@@@ mem[ 5264] = 74e080e7fffff097 : 8421873037103591575
@@@ mem[ 5272] = c981406c02042823 : 14519957506253662243
@@@ mem[ 5280] = 80e7fffff0978526 : 9288674231193142566
@@@ mem[ 5288] = f0970404222373c0 : 17336329706385142720
@@@ mem[ 5296] = 162324e080e7ffff : 1595159239673249791
@@@ mem[ 5304] = 80e7fffff0970004 : 9288674231193108484
@@@ mem[ 5312] = 4492442240b22440 : 4941086655083848768
@@@ mem[ 5320] = 808201414902854a : 9259965163736565066
@@@ mem[ 5328] = f793597d00c45783 : 17839700942363318147
@@@ mem[ 5336] = 8526480cd7c50807 : 9594435276156241927
@@@ mem[ 5344] = 6fe080e7fffff097 : 8061585066913951895
@@@ mem[ 5352] = 80e7fffff097bf69 : 9288674231193157481
@@@ mem[ 5360] = 000027b7bf911f00 : 43670146457344
@@@ mem[ 5368] = 0317e407a50385aa : 222897428062504362
@@@ mem[ 5376] = 9703f32300670000 : 10881808456313405440
@@@ mem[ 5384] = c64ecc22110100c5 : 14289583114379395269
@@@ mem[ 5392] = 842e00877793ce06 : 9524550843761937926
@@@ mem[ 5400] = 87936785e7f189aa : 9769265841516415402
@@@ mem[ 5408] = 96238fd941d48007 : 10818648893149184007
@@@ mem[ 5416] = 280310d0576300f5 : 2883166673452597493
@@@ mem[ 5424] = ca260a0804630284 : 14566341074326061700
@@@ mem[ 5432] = 0009a48301371693 : 2714157358454419
@@@ mem[ 5440] = c0634c4c0009a023 : 13863007967278374947
@@@ mem[ 5448] = 854e468546011006 : 9605692593446916102
@@@ mem[ 5456] = 0163862a57fd9802 : 100071133155268610
@@@ mem[ 5464] = 280300c4178312f5 : 2883149028655305461
@@@ mem[ 5472] = c7998b914c4c0284 : 14382680341150958212
@@@ mem[ 5480] = c3998e19581c4058 : 14094452748336250968
@@@ mem[ 5488] = 854e46818e1d5c5c : 9605692577476861020
@@@ mem[ 5496] = 0cf5176357fd9802 : 933678213194684418
@@@ mem[ 5504] = 170347f50009a683 : 1658248205395666563
@@@ mem[ 5512] = 07b710d7e36300c4 : 555931598422474948
@@@ mem[ 5520] = 00d7d7b307852040 : 60754283918073920
@@@ mem[ 5528] = 77fd4810cbfd8b85 : 8646146096600288133
@@@ mem[ 5536] = 16238ff97ff78793 : 1595276994775844755
@@@ mem[ 5544] = c0100004222300f4 : 13839561672662122740
@@@ mem[ 5552] = 0007d36301371793 : 2202747012585363
@@@ mem[ 5560] = 0099a023580ccacd : 43241745098263245
@@@ mem[ 5568] = 876304040793c9d5 : 9755645633168132565
@@@ mem[ 5576] = fffff097854e00f5 : 18446727132300050677
@@@ mem[ 5584] = 282344d2612080e7 : 2892231056065331431
@@@ mem[ 5592] = 446240f245010204 : 4927572351580701188
@@@ mem[ 5600] = c84a8082610549b2 : 14432489253324016050
@@@ mem[ 5608] = 04090b630105a903 : 290776170788923651
@@@ mem[ 5616] = a0238b0d4184ca26 : 11539219559303399974
@@@ mem[ 5624] = 4781412484b30125 : 5152471073789509925
@@@ mem[ 5632] = 4663c41c49dce311 : 5072113231126651665
@@@ mem[ 5640] = 5963992aa81d0090 : 6441160300558090384
@@@ mem[ 5648] = 86a64c4c505c0290 : 9702526337865745040
@@@ mem[ 5656] = 8c899782854e864a : 10126791823957329482
@@@ mem[ 5664] = 00c41703fea046e3 : 55194401359546083
@@@ mem[ 5672] = 44d2040767134942 : 4959030569528936770
@@@ mem[ 5680] = b75d557d00e41623 : 13212810877149124131
@@@ mem[ 5688] = bf71eed04ae35dd4 : 13795069711989562836
@@@ mem[ 5696] = 4830bf59494244d2 : 5201867959814997202
@@@ mem[ 5704] = 481400c41703bf31 : 5193777112464736049
@@@ mem[ 5712] = 8ff97ff7879377fd : 10374463917732886525
@@@ mem[ 5720] = 0004222300f41623 : 1163433642038819
@@@ mem[ 5728] = dae301371793c014 : 15772451656111996948
@@@ mem[ 5736] = a023c828580cf407 : 11539286745854833671
@@@ mem[ 5744] = b79544d2f9a10099 : 13228555153392599193
@@@ mem[ 5752] = ec078fe30009a783 : 17007720722908948355
@@@ mem[ 5760] = 475900e78a634775 : 5141141444079339381
@@@ mem[ 5768] = 00c4170300e78763 : 55194397102802787
@@@ mem[ 5776] = a023bf6904076713 : 11539277128013408019
@@@ mem[ 5784] = 1101bf3d44d20099 : 1225470843490009241
@@@ mem[ 5792] = c119842ace06cc22 : 13914297843117902882
@@@ mem[ 5800] = 00c59783c38d595c : 55617162589329756
@@@ mem[ 5808] = 4501446240f2e791 : 4972330652380882833
@@@ mem[ 5816] = 4462852280826105 : 4927647325528154373
@@@ mem[ 5824] = 00000317610540f2 : 3398946865394
@@@ mem[ 5832] = f097c62ee4230067 : 17336543195284308071
@@@ mem[ 5840] = 45b200c080e7ffff : 5022077361267933183
@@@ mem[ 5848] = 000027b7c139bfd1 : 43670174285777
@@@ mem[ 5856] = c119e407a50385aa : 13914403245222233514
@@@ mem[ 5864] = 00c59783cb91595c : 55617162723809628
@@@ mem[ 5872] = 031780824501e399 : 222788003569984409
@@@ mem[ 5880] = 1101e10300670000 : 1225507976629387264
@@@ mem[ 5888] = f097ce06c42ac62e : 17336551819042276910
@@@ mem[ 5896] = 45b2fd4080e7ffff : 5022354987953946623
@@@ mem[ 5904] = e78d00c597834522 : 16684993043128075554
@@@ mem[ 5912] = 80826105450140f2 : 9260070459087601906
@@@ mem[ 5920] = 000015b700002637 : 23875723208247
@@@ mem[ 5928] = a206061300002537 : 11675025762678744375
@@@ mem[ 5936] = 9005051369e58593 : 10377706497284343187
@@@ mem[ 5944] = ffc30067fffff317 : 18429574546806797079
@@@ mem[ 5952] = 00000317610540f2 : 3398946865394
@@@ mem[ 5960] = c4221141dc230067 : 14132877555205865575
@@@ mem[ 5968] = 000024b7842ac226 : 40370615009830
@@@ mem[ 5976] = e604a223c606852e : 16574550803160139054
@@@ mem[ 5984] = 0ba080e700000097 : 837811260316713111
@@@ mem[ 5992] = 40b200f5076357fd : 4661789616672823293
@@@ mem[ 6000] = 8082014144924422 : 9259965163662099490
@@@ mem[ 6008] = 40b2dbede644a783 : 4662030379098875779
@@@ mem[ 6016] = 014144924422c01c : 90428862523162652
@@@ mem[ 6024] = c422c60611418082 : 14133076310003646594
@@@ mem[ 6032] = 0000007303900893 : 493981010067
@@@ mem[ 6040] = 40b200054763842a : 4661788586954425386
@@@ mem[ 6048] = 8082014144228522 : 9259965163654776098
@@@ mem[ 6056] = 0000009740800433 : 649622193203
@@@ mem[ 6064] = 547dc1000fa080e7 : 6088234477281116391
@@@ mem[ 6072] = c422c6061141b7dd : 14133076310003660765
@@@ mem[ 6080] = 0000007303e00893 : 493986252947
@@@ mem[ 6088] = 40b200054763842a : 4661788586954425386
@@@ mem[ 6096] = 8082014144228522 : 9259965163654776098
@@@ mem[ 6104] = 0000009740800433 : 649622193203
@@@ mem[ 6112] = 547dc1000ca080e7 : 6088234477230784743
@@@ mem[ 6120] = c422c6061141b7dd : 14133076310003660765
@@@ mem[ 6128] = 0000007303f00893 : 493987301523
@@@ mem[ 6136] = 40b200054763842a : 4661788586954425386
@@@ mem[ 6144] = 8082014144228522 : 9259965163654776098
@@@ mem[ 6152] = 0000009740800433 : 649622193203
@@@ mem[ 6160] = 547dc10009a080e7 : 6088234477180453095
@@@ mem[ 6168] = a703000026b7b7dd : 12034462629913671645
@@@ mem[ 6176] = 87aac6061141e746 : 9775843670522718022
@@@ mem[ 6184] = 45010d600893ef01 : 4972270169705672449
@@@ mem[ 6192] = 872a567d00000073 : 9739692239013019763
@@@ mem[ 6200] = e6a6aa2302c50563 : 16620158542204437859
@@@ mem[ 6208] = 00e785330d600893 : 65167173934385299
@@@ mem[ 6216] = e746a70300000073 : 16665191102457839731
@@@ mem[ 6224] = 40b200f5186397ba : 4661789616958052282
@@@ mem[ 6232] = 0141853ae6a6aa23 : 90499955548400163
@@@ mem[ 6240] = 80e7000000978082 : 9288392756484866178
@@@ mem[ 6248] = c11c47b140b20440 : 13915075775288181824
@@@ mem[ 6256] = 114180820141557d : 1243416267986130301
@@@ mem[ 6264] = 04000893c422c606 : 288239806895539718
@@@ mem[ 6272] = 4763842a00000073 : 5144100515310731379
@@@ mem[ 6280] = 4422852240b20005 : 4909632925948051461
@@@ mem[ 6288] = 4080043380820141 : 4647719434692198721
@@@ mem[ 6296] = 00e080e700000097 : 63192124408987799
@@@ mem[ 6304] = 27b7b7dd547dc100 : 2861958249450422528
@@@ mem[ 6312] = 8082e407a5030000 : 9260214505311502336
@@@
@@@ mem[ 6400] = 00001e7800000000 : 33500744908800
@@@ mem[ 6408] = 00001f4800001ee0 : 34394098114272
@@@
@@@ mem[ 6552] = 0000000000000001 : 1
@@@ mem[ 6560] = e66d1234abcd330e : 16603947418614838030
@@@ mem[ 6568] = 0000000b0005deec : 47245025004
@@@
@@@ mem[ 6688] = 0000000300000000 : 12884901888
@@@ mem[ 6696] = 0000000000001e78 : 7800
@@@ mem[ 6704] = 00001a2c00000000 : 28776280883200
@@@ mem[ 6712] = 00001a3400001a2c : 28810640628268
@@@ mem[ 6720] = 00001a3c00001a34 : 28845000366644
@@@ mem[ 6728] = 00001a4400001a3c : 28879360105020
@@@ mem[ 6736] = 00001a4c00001a44 : 28913719843396
@@@ mem[ 6744] = 00001a5400001a4c : 28948079581772
@@@ mem[ 6752] = 00001a5c00001a54 : 28982439320148
@@@ mem[ 6760] = 00001a6400001a5c : 29016799058524
@@@ mem[ 6768] = 00001a6c00001a64 : 29051158796900
@@@ mem[ 6776] = 00001a7400001a6c : 29085518535276
@@@ mem[ 6784] = 00001a7c00001a74 : 29119878273652
@@@ mem[ 6792] = 00001a8400001a7c : 29154238012028
@@@ mem[ 6800] = 00001a8c00001a84 : 29188597750404
@@@ mem[ 6808] = 00001a9400001a8c : 29222957488780
@@@ mem[ 6816] = 00001a9c00001a94 : 29257317227156
@@@ mem[ 6824] = 00001aa400001a9c : 29291676965532
@@@ mem[ 6832] = 00001aac00001aa4 : 29326036703908
@@@ mem[ 6840] = 00001ab400001aac : 29360396442284
@@@ mem[ 6848] = 00001abc00001ab4 : 29394756180660
@@@ mem[ 6856] = 00001ac400001abc : 29429115919036
@@@ mem[ 6864] = 00001acc00001ac4 : 29463475657412
@@@ mem[ 6872] = 00001ad400001acc : 29497835395788
@@@ mem[ 6880] = 00001adc00001ad4 : 29532195134164
@@@ mem[ 6888] = 00001ae400001adc : 29566554872540
@@@ mem[ 6896] = 00001aec00001ae4 : 29600914610916
@@@ mem[ 6904] = 00001af400001aec : 29635274349292
@@@ mem[ 6912] = 00001afc00001af4 : 29669634087668
@@@ mem[ 6920] = 00001b0400001afc : 29703993826044
@@@ mem[ 6928] = 00001b0c00001b04 : 29738353564420
@@@ mem[ 6936] = 00001b1400001b0c : 29772713302796
@@@ mem[ 6944] = 00001b1c00001b14 : 29807073041172
@@@ mem[ 6952] = 00001b2400001b1c : 29841432779548
@@@ mem[ 6960] = 00001b2c00001b24 : 29875792517924
@@@ mem[ 6968] = 00001b3400001b2c : 29910152256300
@@@ mem[ 6976] = 00001b3c00001b34 : 29944511994676
@@@ mem[ 6984] = 00001b4400001b3c : 29978871733052
@@@ mem[ 6992] = 00001b4c00001b44 : 30013231471428
@@@ mem[ 7000] = 00001b5400001b4c : 30047591209804
@@@ mem[ 7008] = 00001b5c00001b54 : 30081950948180
@@@ mem[ 7016] = 00001b6400001b5c : 30116310686556
@@@ mem[ 7024] = 00001b6c00001b64 : 30150670424932
@@@ mem[ 7032] = 00001b7400001b6c : 30185030163308
@@@ mem[ 7040] = 00001b7c00001b74 : 30219389901684
@@@ mem[ 7048] = 00001b8400001b7c : 30253749640060
@@@ mem[ 7056] = 00001b8c00001b84 : 30288109378436
@@@ mem[ 7064] = 00001b9400001b8c : 30322469116812
@@@ mem[ 7072] = 00001b9c00001b94 : 30356828855188
@@@ mem[ 7080] = 00001ba400001b9c : 30391188593564
@@@ mem[ 7088] = 00001bac00001ba4 : 30425548331940
@@@ mem[ 7096] = 00001bb400001bac : 30459908070316
@@@ mem[ 7104] = 00001bbc00001bb4 : 30494267808692
@@@ mem[ 7112] = 00001bc400001bbc : 30528627547068
@@@ mem[ 7120] = 00001bcc00001bc4 : 30562987285444
@@@ mem[ 7128] = 00001bd400001bcc : 30597347023820
@@@ mem[ 7136] = 00001bdc00001bd4 : 30631706762196
@@@ mem[ 7144] = 00001be400001bdc : 30666066500572
@@@ mem[ 7152] = 00001bec00001be4 : 30700426238948
@@@ mem[ 7160] = 00001bf400001bec : 30734785977324
@@@ mem[ 7168] = 00001bfc00001bf4 : 30769145715700
@@@ mem[ 7176] = 00001c0400001bfc : 30803505454076
@@@ mem[ 7184] = 00001c0c00001c04 : 30837865192452
@@@ mem[ 7192] = 00001c1400001c0c : 30872224930828
@@@ mem[ 7200] = 00001c1c00001c14 : 30906584669204
@@@ mem[ 7208] = 00001c2400001c1c : 30940944407580
@@@ mem[ 7216] = 00001c2c00001c24 : 30975304145956
@@@ mem[ 7224] = 00001c3400001c2c : 31009663884332
@@@ mem[ 7232] = 00001c3c00001c34 : 31044023622708
@@@ mem[ 7240] = 00001c4400001c3c : 31078383361084
@@@ mem[ 7248] = 00001c4c00001c44 : 31112743099460
@@@ mem[ 7256] = 00001c5400001c4c : 31147102837836
@@@ mem[ 7264] = 00001c5c00001c54 : 31181462576212
@@@ mem[ 7272] = 00001c6400001c5c : 31215822314588
@@@ mem[ 7280] = 00001c6c00001c64 : 31250182052964
@@@ mem[ 7288] = 00001c7400001c6c : 31284541791340
@@@ mem[ 7296] = 00001c7c00001c74 : 31318901529716
@@@ mem[ 7304] = 00001c8400001c7c : 31353261268092
@@@ mem[ 7312] = 00001c8c00001c84 : 31387621006468
@@@ mem[ 7320] = 00001c9400001c8c : 31421980744844
@@@ mem[ 7328] = 00001c9c00001c94 : 31456340483220
@@@ mem[ 7336] = 00001ca400001c9c : 31490700221596
@@@ mem[ 7344] = 00001cac00001ca4 : 31525059959972
@@@ mem[ 7352] = 00001cb400001cac : 31559419698348
@@@ mem[ 7360] = 00001cbc00001cb4 : 31593779436724
@@@ mem[ 7368] = 00001cc400001cbc : 31628139175100
@@@ mem[ 7376] = 00001ccc00001cc4 : 31662498913476
@@@ mem[ 7384] = 00001cd400001ccc : 31696858651852
@@@ mem[ 7392] = 00001cdc00001cd4 : 31731218390228
@@@ mem[ 7400] = 00001ce400001cdc : 31765578128604
@@@ mem[ 7408] = 00001cec00001ce4 : 31799937866980
@@@ mem[ 7416] = 00001cf400001cec : 31834297605356
@@@ mem[ 7424] = 00001cfc00001cf4 : 31868657343732
@@@ mem[ 7432] = 00001d0400001cfc : 31903017082108
@@@ mem[ 7440] = 00001d0c00001d04 : 31937376820484
@@@ mem[ 7448] = 00001d1400001d0c : 31971736558860
@@@ mem[ 7456] = 00001d1c00001d14 : 32006096297236
@@@ mem[ 7464] = 00001d2400001d1c : 32040456035612
@@@ mem[ 7472] = 00001d2c00001d24 : 32074815773988
@@@ mem[ 7480] = 00001d3400001d2c : 32109175512364
@@@ mem[ 7488] = 00001d3c00001d34 : 32143535250740
@@@ mem[ 7496] = 00001d4400001d3c : 32177894989116
@@@ mem[ 7504] = 00001d4c00001d44 : 32212254727492
@@@ mem[ 7512] = 00001d5400001d4c : 32246614465868
@@@ mem[ 7520] = 00001d5c00001d54 : 32280974204244
@@@ mem[ 7528] = 00001d6400001d5c : 32315333942620
@@@ mem[ 7536] = 00001d6c00001d64 : 32349693680996
@@@ mem[ 7544] = 00001d7400001d6c : 32384053419372
@@@ mem[ 7552] = 00001d7c00001d74 : 32418413157748
@@@ mem[ 7560] = 00001d8400001d7c : 32452772896124
@@@ mem[ 7568] = 00001d8c00001d84 : 32487132634500
@@@ mem[ 7576] = 00001d9400001d8c : 32521492372876
@@@ mem[ 7584] = 00001d9c00001d94 : 32555852111252
@@@ mem[ 7592] = 00001da400001d9c : 32590211849628
@@@ mem[ 7600] = 00001dac00001da4 : 32624571588004
@@@ mem[ 7608] = 00001db400001dac : 32658931326380
@@@ mem[ 7616] = 00001dbc00001db4 : 32693291064756
@@@ mem[ 7624] = 00001dc400001dbc : 32727650803132
@@@ mem[ 7632] = 00001dcc00001dc4 : 32762010541508
@@@ mem[ 7640] = 00001dd400001dcc : 32796370279884
@@@ mem[ 7648] = 00001ddc00001dd4 : 32830730018260
@@@ mem[ 7656] = 00001de400001ddc : 32865089756636
@@@ mem[ 7664] = 00001dec00001de4 : 32899449495012
@@@ mem[ 7672] = 00001df400001dec : 32933809233388
@@@ mem[ 7680] = 00001dfc00001df4 : 32968168971764
@@@ mem[ 7688] = 00001e0400001dfc : 33002528710140
@@@ mem[ 7696] = 00001e0c00001e04 : 33036888448516
@@@ mem[ 7704] = 00001e1400001e0c : 33071248186892
@@@ mem[ 7712] = 00001e1c00001e14 : 33105607925268
@@@ mem[ 7720] = 00001e2400001e1c : 33139967663644
@@@ mem[ 7728] = 0000000000001e24 : 7716
@@@
@@@ mem[ 7744] = ffffffff00001900 : 18446744069414590720
@@@ mem[ 7752] = 0000000000020000 : 131072
@@@
@@@ mem[65528] = 0000009000010000 : 618475356160
@@@
@@                  6920 : System halted
@@
@@@ System halted on illegal instruction
@@@
@@
@@  66 cycles / 47 instrs = 1.404255 CPI
@@
@@  650.00 ns total time to execute
@@

- testbench/testbench.sv:301: Verilog $finish
- S i m u l a t i o n   R e p o r t: Verilator 5.026 2024-06-15
- Verilator: $finish at 795ns; walltime 0.005 s; speed 0.000 s/s
- Verilator: cpu 0.000 s on 1 threads; alloced 121 MB
